#
# There is insufficient memory for the Java Runtime Environment to continue.
# Native memory allocation (malloc) failed to allocate 261136 bytes for Chunk::new
# Possible reasons:
#   The system is out of physical RAM or swap space
#   In 32 bit mode, the process size limit was hit
# Possible solutions:
#   Reduce memory load on the system
#   Increase physical memory or swap space
#   Check if swap backing store is full
#   Use 64 bit Java on a 64 bit OS
#   Decrease Java heap size (-Xmx/-Xms)
#   Decrease number of Java threads
#   Decrease Java thread stack sizes (-Xss)
#   Set larger code cache with -XX:ReservedCodeCacheSize=
# This output file may be truncated or incomplete.
#
#  Out of Memory Error (allocation.cpp:390), pid=17376, tid=0x0000000000002d54
#
# JRE version: Java(TM) SE Runtime Environment (8.0_131-b11) (build 1.8.0_131-b11)
# Java VM: Java HotSpot(TM) 64-Bit Server VM (25.131-b11 mixed mode windows-amd64 compressed oops)
# Failed to write core dump. Minidumps are not enabled by default on client versions of Windows
#

---------------  T H R E A D  ---------------

Current thread (0x000000001e815800):  JavaThread "C2 CompilerThread2" daemon [_thread_in_native, id=11604, stack(0x000000001f1c0000,0x000000001f2c0000)]

Stack: [0x000000001f1c0000,0x000000001f2c0000]
[error occurred during error reporting (printing stack bounds), id 0xc0000005]

Native frames: (J=compiled Java code, j=interpreted, Vv=VM code, C=native code)


Current CompileTask:
C2:   1922  741       4       java.util.HashMap::putVal (300 bytes)


---------------  P R O C E S S  ---------------

Java Threads: ( => current thread )
  0x000000001c90e800 JavaThread "Service Thread" daemon [_thread_blocked, id=7876, stack(0x000000001f3c0000,0x000000001f4c0000)]
  0x000000001e81f800 JavaThread "C1 CompilerThread3" daemon [_thread_in_native, id=6372, stack(0x000000001f2c0000,0x000000001f3c0000)]
=>0x000000001e815800 JavaThread "C2 CompilerThread2" daemon [_thread_in_native, id=11604, stack(0x000000001f1c0000,0x000000001f2c0000)]
  0x000000001e809000 JavaThread "C2 CompilerThread1" daemon [_thread_blocked, id=17228, stack(0x000000001f0c0000,0x000000001f1c0000)]
  0x000000001e804800 JavaThread "C2 CompilerThread0" daemon [_thread_in_native, id=17052, stack(0x000000001efc0000,0x000000001f0c0000)]
  0x000000001e803000 JavaThread "Attach Listener" daemon [_thread_blocked, id=13060, stack(0x000000001eec0000,0x000000001efc0000)]
  0x000000001e802000 JavaThread "Signal Dispatcher" daemon [_thread_blocked, id=17664, stack(0x000000001edc0000,0x000000001eec0000)]
  0x000000001e7f0800 JavaThread "Finalizer" daemon [_thread_blocked, id=19388, stack(0x000000001ebd0000,0x000000001ecd0000)]
  0x0000000002f4a000 JavaThread "Reference Handler" daemon [_thread_blocked, id=5112, stack(0x000000001e6d0000,0x000000001e7d0000)]
  0x0000000002e4e000 JavaThread "main" [_thread_in_Java, id=7396, stack(0x0000000002d10000,0x0000000002e10000)]

Other Threads:
  0x000000001c8f9000 VMThread [stack: 0x000000001e5d0000,0x000000001e6d0000] [id=14340]
  0x000000001e865000 WatcherThread [stack: 0x000000001f4c0000,0x000000001f5c0000] [id=23168]

VM state:not at safepoint (normal execution)

VM Mutex/Monitor currently owned by a thread:  ([mutex/lock_event])
[0x0000000002e4c2c0] CodeCache_lock - owner thread: 0x000000001e81f800
[0x0000000002e511d0] Compile_lock - owner thread: 0x0000000000000000

Heap:
 PSYoungGen      total 75776K, used 45634K [0x000000076b780000, 0x0000000770c00000, 0x00000007c0000000)
  eden space 65024K, 70% used [0x000000076b780000,0x000000076e410a10,0x000000076f700000)
  from space 10752K, 0% used [0x0000000770180000,0x0000000770180000,0x0000000770c00000)
  to   space 10752K, 0% used [0x000000076f700000,0x000000076f700000,0x0000000770180000)
 ParOldGen       total 173568K, used 0K [0x00000006c2600000, 0x00000006ccf80000, 0x000000076b780000)
  object space 173568K, 0% used [0x00000006c2600000,0x00000006c2600000,0x00000006ccf80000)
 Metaspace       used 9567K, capacity 9730K, committed 9984K, reserved 1058816K
  class space    used 1174K, capacity 1241K, committed 1280K, reserved 1048576K

Card table byte_map: [0x0000000012310000,0x0000000012b00000] byte_map_base: 0x000000000ecfd000

Marking Bits: (ParMarkBitMap*) 0x000000006c4fc720
 Begin Bits: [0x0000000013850000, 0x00000000177b8000)
 End Bits:   [0x00000000177b8000, 0x000000001b720000)

Polling page: 0x0000000000e90000

CodeCache: size=245760Kb used=3575Kb max_used=3575Kb free=242184Kb
 bounds [0x0000000002f50000, 0x00000000032e0000, 0x0000000011f50000]
 total_blobs=1171 nmethods=843 adapters=241
 compilation: enabled

Compilation events (10 events):
Event: 1.855 Thread 0x000000001e81f800  784       3       sun.reflect.generics.tree.SimpleClassTypeSignature::make (11 bytes)
Event: 1.856 Thread 0x000000001e81f800 nmethod 784 0x0000000003296310 code [0x0000000003296480, 0x0000000003296710]
Event: 1.856 Thread 0x000000001e81f800  785       3       sun.reflect.generics.tree.SimpleClassTypeSignature::<init> (20 bytes)
Event: 1.856 Thread 0x000000001e81f800 nmethod 785 0x0000000003295f10 code [0x0000000003296060, 0x0000000003296250]
Event: 1.858 Thread 0x000000001e804800 nmethod 756 0x0000000003295a90 code [0x0000000003295be0, 0x0000000003295db8]
Event: 1.858 Thread 0x000000001e804800  772       4       sun.reflect.generics.parser.SignatureParser::advance (37 bytes)
Event: 1.858 Thread 0x000000001e804800 nmethod 772 0x000000000326b290 code [0x000000000326b3c0, 0x000000000326b418]
Event: 1.860 Thread 0x000000001e81f800  786       3       java.nio.Buffer::nextGetIndex (38 bytes)
Event: 1.860 Thread 0x000000001e81f800 nmethod 786 0x0000000003295610 code [0x0000000003295780, 0x00000000032959a8]
Event: 1.862 Thread 0x000000001e81f800  787       3       sun.reflect.ClassFileAssembler::emitByte (11 bytes)

GC Heap History (0 events):
No events

Deoptimization events (10 events):
Event: 1.530 Thread 0x0000000002e4e000 Uncommon trap: reason=range_check action=make_not_entrant pc=0x00000000031b36a8 method=sun.reflect.generics.parser.SignatureParser.current()C @ 34
Event: 1.552 Thread 0x0000000002e4e000 Uncommon trap: reason=unstable_if action=reinterpret pc=0x000000000312be68 method=org.codehaus.plexus.util.xml.pull.MXParser.more()C @ 8
Event: 1.681 Thread 0x0000000002e4e000 Uncommon trap: reason=unstable_if action=reinterpret pc=0x0000000003207634 method=java.nio.charset.CoderResult.isOverflow()Z @ 5
Event: 1.718 Thread 0x0000000002e4e000 Uncommon trap: reason=unstable_if action=reinterpret pc=0x00000000032188c4 method=sun.nio.cs.StreamDecoder.implRead([CII)I @ 197
Event: 1.723 Thread 0x0000000002e4e000 Uncommon trap: reason=unstable_if action=reinterpret pc=0x0000000003210258 method=sun.nio.cs.StreamDecoder.implRead([CII)I @ 71
Event: 1.724 Thread 0x0000000002e4e000 Uncommon trap: reason=unstable_if action=reinterpret pc=0x000000000320d304 method=sun.nio.cs.StreamDecoder.implRead([CII)I @ 197
Event: 1.724 Thread 0x0000000002e4e000 Uncommon trap: reason=unstable_if action=reinterpret pc=0x000000000320ae80 method=java.io.Reader.read()I @ 12
Event: 1.755 Thread 0x0000000002e4e000 Uncommon trap: reason=unstable_if action=reinterpret pc=0x00000000032387e0 method=sun.nio.cs.StreamDecoder.implRead([CII)I @ 197
Event: 1.850 Thread 0x0000000002e4e000 Uncommon trap: reason=unstable_if action=reinterpret pc=0x0000000003252318 method=java.util.HashMap.getNode(ILjava/lang/Object;)Ljava/util/HashMap$Node; @ 129
Event: 1.850 Thread 0x0000000002e4e000 Uncommon trap: reason=unstable_if action=reinterpret pc=0x00000000031d14c4 method=java.util.HashMap.getNode(ILjava/lang/Object;)Ljava/util/HashMap$Node; @ 129

Internal exceptions (10 events):
Event: 1.528 Thread 0x0000000002e4e000 Exception <a 'java/lang/ArrayIndexOutOfBoundsException'> (0x000000076ce0f318) thrown at [C:\re\workspace\8-2-build-windows-amd64-cygwin\jdk8u131\8869\hotspot\src\share\vm\runtime\sharedRuntime.cpp, line 605]
Event: 1.528 Thread 0x0000000002e4e000 Exception <a 'java/lang/ArrayIndexOutOfBoundsException'> (0x000000076ce11408) thrown at [C:\re\workspace\8-2-build-windows-amd64-cygwin\jdk8u131\8869\hotspot\src\share\vm\runtime\sharedRuntime.cpp, line 605]
Event: 1.528 Thread 0x0000000002e4e000 Exception <a 'java/lang/ArrayIndexOutOfBoundsException'> (0x000000076ce121a8) thrown at [C:\re\workspace\8-2-build-windows-amd64-cygwin\jdk8u131\8869\hotspot\src\share\vm\runtime\sharedRuntime.cpp, line 605]
Event: 1.529 Thread 0x0000000002e4e000 Exception <a 'java/lang/ArrayIndexOutOfBoundsException'> (0x000000076ce13f68) thrown at [C:\re\workspace\8-2-build-windows-amd64-cygwin\jdk8u131\8869\hotspot\src\share\vm\runtime\sharedRuntime.cpp, line 605]
Event: 1.529 Thread 0x0000000002e4e000 Exception <a 'java/lang/ArrayIndexOutOfBoundsException'> (0x000000076ce154c0) thrown at [C:\re\workspace\8-2-build-windows-amd64-cygwin\jdk8u131\8869\hotspot\src\share\vm\runtime\sharedRuntime.cpp, line 605]
Event: 1.529 Thread 0x0000000002e4e000 Exception <a 'java/lang/ArrayIndexOutOfBoundsException'> (0x000000076ce16d30) thrown at [C:\re\workspace\8-2-build-windows-amd64-cygwin\jdk8u131\8869\hotspot\src\share\vm\runtime\sharedRuntime.cpp, line 605]
Event: 1.529 Thread 0x0000000002e4e000 Exception <a 'java/lang/ArrayIndexOutOfBoundsException'> (0x000000076ce18250) thrown at [C:\re\workspace\8-2-build-windows-amd64-cygwin\jdk8u131\8869\hotspot\src\share\vm\runtime\sharedRuntime.cpp, line 605]
Event: 1.530 Thread 0x0000000002e4e000 Exception <a 'java/lang/ArrayIndexOutOfBoundsException': 29> (0x000000076ce190b8) thrown at [C:\re\workspace\8-2-build-windows-amd64-cygwin\jdk8u131\8869\hotspot\src\share\vm\interpreter\interpreterRuntime.cpp, line 366]
Event: 1.772 Thread 0x0000000002e4e000 Exception <a 'java/lang/ArrayIndexOutOfBoundsException': 73> (0x000000076d8fc6c0) thrown at [C:\re\workspace\8-2-build-windows-amd64-cygwin\jdk8u131\8869\hotspot\src\share\vm\interpreter\interpreterRuntime.cpp, line 366]
Event: 1.772 Thread 0x0000000002e4e000 Exception <a 'java/lang/ArrayIndexOutOfBoundsException': 131> (0x000000076d8fe068) thrown at [C:\re\workspace\8-2-build-windows-amd64-cygwin\jdk8u131\8869\hotspot\src\share\vm\interpreter\interpreterRuntime.cpp, line 366]

Events (10 events):
Event: 1.861 loading class sun/reflect/ByteVectorFactory
Event: 1.861 loading class sun/reflect/ByteVectorFactory done
Event: 1.861 loading class sun/reflect/ByteVectorImpl
Event: 1.861 loading class sun/reflect/ByteVector
Event: 1.861 loading class sun/reflect/ByteVector done
Event: 1.861 loading class sun/reflect/ByteVectorImpl done
Event: 1.861 loading class sun/reflect/ClassFileAssembler
Event: 1.861 loading class sun/reflect/ClassFileAssembler done
Event: 1.861 loading class sun/reflect/UTF8
Event: 1.861 loading class sun/reflect/UTF8 done


Dynamic libraries:
0x00007ff77a5a0000 - 0x00007ff77a5d7000 	C:\Program Files\Java\jdk1.8.0_131\bin\javaw.exe
0x00007ffb2c670000 - 0x00007ffb2c851000 	C:\windows\SYSTEM32\ntdll.dll
0x00007ffb2a930000 - 0x00007ffb2a9e1000 	C:\windows\System32\KERNEL32.DLL
0x00007ffb28e70000 - 0x00007ffb290e3000 	C:\windows\System32\KERNELBASE.dll
0x000000006e5f0000 - 0x000000006e683000 	C:\windows\System32\SYSFER.DLL
0x00007ffb2be40000 - 0x00007ffb2bee1000 	C:\windows\System32\ADVAPI32.dll
0x00007ffb29c50000 - 0x00007ffb29cee000 	C:\windows\System32\msvcrt.dll
0x00007ffb29e80000 - 0x00007ffb29edb000 	C:\windows\System32\sechost.dll
0x00007ffb29af0000 - 0x00007ffb29c14000 	C:\windows\System32\RPCRT4.dll
0x00007ffb29cf0000 - 0x00007ffb29e80000 	C:\windows\System32\USER32.dll
0x00007ffb28b40000 - 0x00007ffb28b60000 	C:\windows\System32\win32u.dll
0x00007ffb29c20000 - 0x00007ffb29c48000 	C:\windows\System32\GDI32.dll
0x00007ffb28b60000 - 0x00007ffb28cf1000 	C:\windows\System32\gdi32full.dll
0x00007ffb28d00000 - 0x00007ffb28d9f000 	C:\windows\System32\msvcp_win.dll
0x00007ffb29800000 - 0x00007ffb298f8000 	C:\windows\System32\ucrtbase.dll
0x00007ffb18110000 - 0x00007ffb18379000 	C:\windows\WinSxS\amd64_microsoft.windows.common-controls_6595b64144ccf1df_6.0.17134.1304_none_d3fbe61b7c93d9f0\COMCTL32.dll
0x00007ffb29ee0000 - 0x00007ffb2a201000 	C:\windows\System32\combase.dll
0x00007ffb28da0000 - 0x00007ffb28e19000 	C:\windows\System32\bcryptPrimitives.dll
0x00007ffb2a360000 - 0x00007ffb2a38d000 	C:\windows\System32\IMM32.DLL
0x000000006c580000 - 0x000000006c652000 	C:\Program Files\Java\jdk1.8.0_131\jre\bin\msvcr100.dll
0x000000006bce0000 - 0x000000006c57c000 	C:\Program Files\Java\jdk1.8.0_131\jre\bin\server\jvm.dll
0x00007ffb2a780000 - 0x00007ffb2a788000 	C:\windows\System32\PSAPI.DLL
0x00007ffb1dca0000 - 0x00007ffb1dca9000 	C:\windows\SYSTEM32\WSOCK32.dll
0x00007ffb2a7b0000 - 0x00007ffb2a81c000 	C:\windows\System32\WS2_32.dll
0x00007ffb1dfd0000 - 0x00007ffb1dff3000 	C:\windows\SYSTEM32\WINMM.dll
0x00007ffb27970000 - 0x00007ffb2797a000 	C:\windows\SYSTEM32\VERSION.dll
0x00007ffb1df90000 - 0x00007ffb1dfba000 	C:\windows\SYSTEM32\WINMMBASE.dll
0x00007ffb28e20000 - 0x00007ffb28e69000 	C:\windows\System32\cfgmgr32.dll
0x000000006bcd0000 - 0x000000006bcdf000 	C:\Program Files\Java\jdk1.8.0_131\jre\bin\verify.dll
0x000000006bca0000 - 0x000000006bcc9000 	C:\Program Files\Java\jdk1.8.0_131\jre\bin\java.dll
0x000000006bc80000 - 0x000000006bc96000 	C:\Program Files\Java\jdk1.8.0_131\jre\bin\zip.dll
0x00007ffb2a9f0000 - 0x00007ffb2be35000 	C:\windows\System32\SHELL32.dll
0x00007ffb2a880000 - 0x00007ffb2a929000 	C:\windows\System32\shcore.dll
0x00007ffb290f0000 - 0x00007ffb29800000 	C:\windows\System32\windows.storage.dll
0x00007ffb2c440000 - 0x00007ffb2c491000 	C:\windows\System32\shlwapi.dll
0x00007ffb289e0000 - 0x00007ffb289f1000 	C:\windows\System32\kernel.appcore.dll
0x00007ffb289c0000 - 0x00007ffb289df000 	C:\windows\System32\profapi.dll
0x00007ffb28970000 - 0x00007ffb289bc000 	C:\windows\System32\powrprof.dll
0x00007ffb28a20000 - 0x00007ffb28a2a000 	C:\windows\System32\FLTLIB.DLL
0x00007ffb283b0000 - 0x00007ffb283c7000 	C:\windows\SYSTEM32\CRYPTSP.dll
0x00007ffb27d60000 - 0x00007ffb27d93000 	C:\windows\system32\rsaenh.dll
0x00007ffb284d0000 - 0x00007ffb284f5000 	C:\windows\SYSTEM32\bcrypt.dll
0x00007ffb28870000 - 0x00007ffb28898000 	C:\windows\SYSTEM32\USERENV.dll
0x00007ffb28300000 - 0x00007ffb2830b000 	C:\windows\SYSTEM32\CRYPTBASE.dll
0x000000006bc50000 - 0x000000006bc6a000 	C:\Program Files\Java\jdk1.8.0_131\jre\bin\net.dll
0x00007ffb281a0000 - 0x00007ffb28206000 	C:\windows\system32\mswsock.dll
0x00007ffb27f00000 - 0x00007ffb27f38000 	C:\windows\SYSTEM32\IPHLPAPI.DLL
0x00007ffb2a390000 - 0x00007ffb2a398000 	C:\windows\System32\NSI.dll
0x00007ffb1e4f0000 - 0x00007ffb1e506000 	C:\windows\SYSTEM32\dhcpcsvc6.DLL
0x00007ffb1e4d0000 - 0x00007ffb1e4ea000 	C:\windows\SYSTEM32\dhcpcsvc.DLL
0x000000006bc30000 - 0x000000006bc41000 	C:\Program Files\Java\jdk1.8.0_131\jre\bin\nio.dll
0x00007ffb15e30000 - 0x00007ffb15e3a000 	C:\Users\sriji.n\AppData\Local\Temp\jansi-1.17-1489354732621250951.dll
0x00007ffb15e10000 - 0x00007ffb15e1a000 	C:\Users\sriji.n\AppData\Local\Temp\jansi-1.17-3732628046715367033.dll

VM Arguments:
jvm_args: -Dmaven.home=EMBEDDED -Dclassworlds.conf=D:\MY FOLDER\SOURCE CODE\BAGUS_POC\DOCKER\.metadata\.plugins\org.eclipse.m2e.launching\launches\m2conf5932518016413897517.tmp -Dmaven.multiModuleProjectDirectory=D:\MY FOLDER\SOURCE CODE\BAGUS_POC\DOCKER\latest_source\COMMON-CONFIGURATION-SERVICE -Dfile.encoding=Cp1252 
java_command: org.codehaus.plexus.classworlds.launcher.Launcher -B clean
java_class_path (initial): D:\MY FOLDER\SOFTWARE\sts-4.1.0.RELEASE\plugins\org.eclipse.m2e.maven.runtime_1.10.0.20181127-2120\jars\plexus-classworlds-2.5.2.jar
Launcher Type: SUN_STANDARD

Environment Variables:
PATH=C:/Program Files/Java/jre1.8.0_131/bin/server;C:/Program Files/Java/jre1.8.0_131/bin;C:/Program Files/Java/jre1.8.0_131/lib/amd64;C:\Program Files\Java\IBM_Java_1.7_64\bin;D:\app\product\11.2.0\client_1\bin;C:\ProgramData\Oracle\Java\javapath;C:\Program Files (x86)\Intel\iCLS Client\;C:\Program Files\Intel\iCLS Client\;C:\windows\system32;C:\windows;C:\windows\System32\Wbem;C:\windows\System32\WindowsPowerShell\v1.0\;C:\windows\System32\OpenSSH\;D:\apache-maven-3.6.2\bin;C:\Program Files (x86)\Intel\Intel(R) Management Engine Components\DAL;C:\Program Files\Intel\Intel(R) Management Engine Components\DAL;C:\Program Files (x86)\Intel\Intel(R) Management Engine Components\IPT;C:\Program Files\Intel\Intel(R) Management Engine Components\IPT;C:\Program Files (x86)\Microsoft SQL Server\Client SDK\ODBC\130\Tools\Binn\;C:\Program Files (x86)\Microsoft SQL Server\140\Tools\Binn\;C:\Program Files (x86)\Microsoft SQL Server\140\DTS\Binn\;C:\Program Files (x86)\Microsoft SQL Server\140\Tools\Binn\ManagementStudio\;C:\Program Files\nodejs\;D:\Program Files\TortoiseGit\bin;C:\Program Files\Intel\WiFi\bin\;C:\Program Files\Common Files\Intel\WirelessCommon\;;C:\Program Files\Docker\Docker\resources\bin;C:\ProgramData\DockerDesktop\version-bin;C:\Users\sriji.n\AppData\Local\Microsoft\WindowsApps;C:\Users\sriji.n\AppData\Roaming\npm;D:\MY FOLDER\SOFTWARE\sts-4.1.0.RELEASE;
USERNAME=sriji.n
OS=Windows_NT
PROCESSOR_IDENTIFIER=Intel64 Family 6 Model 142 Stepping 10, GenuineIntel



---------------  S Y S T E M  ---------------

OS: Windows 10.0 , 64 bit Build 17134 (10.0.17134.753)

CPU:total 8 (initial active 8) (4 cores per cpu, 2 threads per core) family 6 model 142 stepping 10, cmov, cx8, fxsr, mmx, sse, sse2, sse3, ssse3, sse4.1, sse4.2, popcnt, avx, avx2, aes, clmul, erms, rtm, 3dnowpref, lzcnt, ht, tsc, tscinvbit, bmi1, bmi2, adx

Memory: 4k page, physical 16620744k(2718136k free), swap 20813000k(4304k free)

vm_info: Java HotSpot(TM) 64-Bit Server VM (25.131-b11) for windows-amd64 JRE (1.8.0_131-b11), built on Mar 15 2017 01:23:53 by "java_re" with MS VC++ 10.0 (VS2010)

time: Wed Apr 29 10:36:21 2020
elapsed time: 1 seconds (0d 0h 0m 1s)

