#
# There is insufficient memory for the Java Runtime Environment to continue.
# Native memory allocation (malloc) failed to allocate 32744 bytes for ChunkPool::allocate
# Possible reasons:
#   The system is out of physical RAM or swap space
#   In 32 bit mode, the process size limit was hit
# Possible solutions:
#   Reduce memory load on the system
#   Increase physical memory or swap space
#   Check if swap backing store is full
#   Use 64 bit Java on a 64 bit OS
#   Decrease Java heap size (-Xmx/-Xms)
#   Decrease number of Java threads
#   Decrease Java thread stack sizes (-Xss)
#   Set larger code cache with -XX:ReservedCodeCacheSize=
#
#  Out of Memory Error (allocation.cpp:273)
]

Stack: [0x000000001f660000,0x000000001f760000]
[error occurred during error reporting (printing stack bounds), id 0xc0000005]

Native frames: (J=compiled Java code, j=interpreted, Vv=VM code, C=native code)


Current CompileTask:
C1:1173930 8007   !   1       org.apache.coyote.AbstractProtocol$ConnectionHandler::process (1269 bytes)


---------------  P R O C E S S  ---------------

Java Threads: ( => current thread )
  0x0000000023b61000 JavaThread "PollingServerListUpdater-1" daemon [_thread_blocked, id=17624, stack(0x0000000029a80000,0x0000000029b80000)]
  0x0000000023b62800 JavaThread "PollingServerListUpdater-0" daemon [_thread_blocked, id=23184, stack(0x0000000029980000,0x0000000029a80000)]
  0x0000000023b64000 JavaThread "NFLoadBalancer-PingTimer-localhost" daemon [_thread_blocked, id=16440, stack(0x0000000029880000,0x0000000029980000)]
  0x0000000023b65000 JavaThread "RibbonApacheHttpClientConfiguration.connectionManagerTimer" daemon [_thread_blocked, id=10836, stack(0x0000000029780000,0x0000000029880000)]
  0x0000000023b63800 JavaThread "DestroyJavaVM" [_thread_blocked, id=18692, stack(0x00000000030d0000,0x00000000031d0000)]
  0x0000000023b59800 JavaThread "http-nio-8761-Acceptor" daemon [_thread_in_native, id=15460, stack(0x0000000028c80000,0x0000000028d80000)]
  0x0000000023b60800 JavaThread "http-nio-8761-ClientPoller" daemon [_thread_in_native, id=10020, stack(0x0000000028b80000,0x0000000028c80000)]
  0x0000000023b5a800 JavaThread "http-nio-8761-exec-10" daemon [_thread_blocked, id=17348, stack(0x0000000028a80000,0x0000000028b80000)]
  0x0000000023b59000 JavaThread "http-nio-8761-exec-9" daemon [_thread_blocked, id=20384, stack(0x0000000028980000,0x0000000028a80000)]
  0x0000000023b5f800 JavaThread "http-nio-8761-exec-8" daemon [_thread_blocked, id=14928, stack(0x0000000028880000,0x0000000028980000)]
  0x0000000023b5b000 JavaThread "http-nio-8761-exec-7" daemon [_thread_blocked, id=9256, stack(0x0000000028780000,0x0000000028880000)]
  0x0000000023b5f000 JavaThread "http-nio-8761-exec-6" daemon [_thread_blocked, id=11320, stack(0x0000000028680000,0x0000000028780000)]
  0x0000000023b57800 JavaThread "http-nio-8761-exec-5" daemon [_thread_blocked, id=17064, stack(0x0000000028580000,0x0000000028680000)]
  0x0000000023b5e000 JavaThread "http-nio-8761-exec-4" daemon [_thread_blocked, id=10108, stack(0x0000000028480000,0x0000000028580000)]
  0x0000000023b5d800 JavaThread "http-nio-8761-exec-3" daemon [_thread_blocked, id=19384, stack(0x0000000028380000,0x0000000028480000)]
  0x0000000023b56800 JavaThread "http-nio-8761-exec-2" daemon [_thread_blocked, id=1424, stack(0x0000000028280000,0x0000000028380000)]
  0x0000000023b56000 JavaThread "http-nio-8761-exec-1" daemon [_thread_blocked, id=20712, stack(0x0000000028180000,0x0000000028280000)]
  0x0000000023b5c000 JavaThread "http-nio-8761-BlockPoller" daemon [_thread_in_native, id=6872, stack(0x0000000028080000,0x0000000028180000)]
  0x0000000023b5c800 JavaThread "Eureka-CacheFillTimer" daemon [_thread_blocked, id=4468, stack(0x0000000027e80000,0x0000000027f80000)]
  0x0000000023b58000 JavaThread "Eureka-PeerNodesUpdater" daemon [_thread_blocked, id=5636, stack(0x0000000027d80000,0x0000000027e80000)]
  0x0000000023b3d000 JavaThread "TaskNonBatchingWorker-localhost-0" daemon [_thread_blocked, id=16332, stack(0x0000000027c80000,0x0000000027d80000)]
  0x0000000023b3c000 JavaThread "TaskAcceptor-localhost" daemon [_thread_blocked, id=4156, stack(0x0000000027b80000,0x0000000027c80000)]
  0x0000000023b3b800 JavaThread "TaskBatchingWorker-target_localhost-19" daemon [_thread_blocked, id=9236, stack(0x0000000027a80000,0x0000000027b80000)]
  0x0000000023b3a800 JavaThread "TaskBatchingWorker-target_localhost-18" daemon [_thread_blocked, id=21852, stack(0x0000000027980000,0x0000000027a80000)]
  0x0000000023b33000 JavaThread "TaskBatchingWorker-target_localhost-17" daemon [_thread_blocked, id=9464, stack(0x0000000027880000,0x0000000027980000)]
  0x0000000023b3a000 JavaThread "TaskBatchingWorker-target_localhost-16" daemon [_thread_blocked, id=5896, stack(0x0000000027780000,0x0000000027880000)]
  0x0000000023b38800 JavaThread "TaskBatchingWorker-target_localhost-15" daemon [_thread_blocked, id=2404, stack(0x0000000027680000,0x0000000027780000)]
  0x0000000023b37800 JavaThread "TaskBatchingWorker-target_localhost-14" daemon [_thread_blocked, id=20912, stack(0x0000000027580000,0x0000000027680000)]
  0x0000000023b39000 JavaThread "TaskBatchingWorker-target_localhost-13" daemon [_thread_blocked, id=24136, stack(0x0000000027480000,0x0000000027580000)]
  0x0000000023b37000 JavaThread "TaskBatchingWorker-target_localhost-12" daemon [_thread_blocked, id=24236, stack(0x0000000027380000,0x0000000027480000)]
  0x0000000023b36000 JavaThread "TaskBatchingWorker-target_localhost-11" daemon [_thread_blocked, id=19268, stack(0x0000000027280000,0x0000000027380000)]
  0x0000000023b35800 JavaThread "TaskBatchingWorker-target_localhost-10" daemon [_thread_blocked, id=20272, stack(0x0000000027180000,0x0000000027280000)]
  0x0000000023b2e800 JavaThread "TaskBatchingWorker-target_localhost-9" daemon [_thread_blocked, id=8032, stack(0x0000000027080000,0x0000000027180000)]
  0x0000000023b2e000 JavaThread "TaskBatchingWorker-target_localhost-8" daemon [_thread_blocked, id=20972, stack(0x0000000026f80000,0x0000000027080000)]
  0x0000000023b30000 JavaThread "TaskBatchingWorker-target_localhost-7" daemon [_thread_blocked, id=8184, stack(0x0000000026e80000,0x0000000026f80000)]
  0x0000000023b34800 JavaThread "TaskBatchingWorker-target_localhost-6" daemon [_thread_blocked, id=21252, stack(0x0000000026d80000,0x0000000026e80000)]
  0x0000000023b32800 JavaThread "TaskBatchingWorker-target_localhost-5" daemon [_thread_blocked, id=20624, stack(0x0000000026c80000,0x0000000026d80000)]
  0x0000000023b31000 JavaThread "TaskBatchingWorker-target_localhost-4" daemon [_thread_blocked, id=21472, stack(0x0000000026b80000,0x0000000026c80000)]
  0x0000000023b34000 JavaThread "TaskBatchingWorker-target_localhost-3" daemon [_thread_blocked, id=4368, stack(0x0000000026a80000,0x0000000026b80000)]
  0x0000000023b31800 JavaThread "TaskBatchingWorker-target_localhost-2" daemon [_thread_blocked, id=2828, stack(0x0000000026980000,0x0000000026a80000)]
  0x0000000023b2f800 JavaThread "TaskBatchingWorker-target_localhost-1" daemon [_thread_blocked, id=23204, stack(0x0000000026880000,0x0000000026980000)]
  0x0000000021886000 JavaThread "TaskBatchingWorker-target_localhost-0" daemon [_thread_blocked, id=9560, stack(0x0000000026780000,0x0000000026880000)]
  0x0000000021885000 JavaThread "StatsMonitor-0" daemon [_thread_blocked, id=17996, stack(0x0000000026680000,0x0000000026780000)]
  0x0000000021884800 JavaThread "TaskAcceptor-target_localhost" daemon [_thread_blocked, id=8812, stack(0x0000000026380000,0x0000000026480000)]
  0x0000000021883000 JavaThread "Eureka-JerseyClient-Conn-Cleaner2" daemon [_thread_blocked, id=17436, stack(0x0000000026280000,0x0000000026380000)]
  0x0000000021883800 JavaThread "Eureka-MeasureRateTimer" daemon [_thread_blocked, id=12100, stack(0x0000000025f80000,0x0000000026080000)]
  0x0000000021882000 JavaThread "ReplicaAwareInstanceRegistry - RenewalThresholdUpdater" daemon [_thread_blocked, id=3972, stack(0x0000000025e80000,0x0000000025f80000)]
  0x0000000021887800 JavaThread "Eureka-MeasureRateTimer" daemon [_thread_blocked, id=22292, stack(0x0000000025d80000,0x0000000025e80000)]
  0x0000000021889000 JavaThread "Eureka-EvictionTimer" daemon [_thread_blocked, id=18216, stack(0x0000000025c80000,0x0000000025d80000)]
  0x0000000021888000 JavaThread "Eureka-DeltaRetentionTimer" daemon [_thread_blocked, id=2796, stack(0x0000000025b80000,0x0000000025c80000)]
  0x000000001ecf0800 JavaThread "container-0" [_thread_blocked, id=22556, stack(0x0000000025580000,0x0000000025680000)]
  0x000000001ecf0000 JavaThread "Catalina-utility-2" [_thread_blocked, id=17160, stack(0x0000000025480000,0x0000000025580000)]
  0x000000001ecef000 JavaThread "Catalina-utility-1" [_thread_blocked, id=20752, stack(0x0000000025380000,0x0000000025480000)]
  0x000000001ed08000 JavaThread "spring.cloud.inetutils" daemon [_thread_blocked, id=16336, stack(0x0000000024c80000,0x0000000024d80000)]
  0x0000000021999800 JavaThread "AsyncReporter{org.springframework.cloud.sleuth.zipkin2.sender.RestTemplateSender@35787726}" daemon [_thread_blocked, id=21812, stack(0x0000000024b80000,0x0000000024c80000)]
  0x0000000020439000 JavaThread "JMX server connection timeout 17" daemon [_thread_blocked, id=1508, stack(0x0000000020ee0000,0x0000000020fe0000)]
  0x000000002046d000 JavaThread "RMI Scheduler(0)" daemon [_thread_blocked, id=9752, stack(0x0000000020de0000,0x0000000020ee0000)]
  0x0000000020361800 JavaThread "RMI TCP Connection(1)-127.0.0.1" daemon [_thread_in_native, id=22120, stack(0x0000000020ce0000,0x0000000020de0000)]
  0x00000000202e7000 JavaThread "RMI TCP Accept-0" daemon [_thread_in_native, id=14116, stack(0x00000000205e0000,0x00000000206e0000)]
  0x00000000202db000 JavaThread "RMI TCP Accept-62000" daemon [_thread_in_native, id=18172, stack(0x00000000204e0000,0x00000000205e0000)]
  0x00000000202cf000 JavaThread "RMI TCP Accept-0" daemon [_thread_in_native, id=11556, stack(0x000000001f860000,0x000000001f960000)]
  0x000000001ec44800 JavaThread "Service Thread" daemon [_thread_blocked, id=7568, stack(0x000000001f760000,0x000000001f860000)]
=>0x000000001ebb5000 JavaThread "C1 CompilerThread3" daemon [_thread_in_native, id=18608, stack(0x000000001f660000,0x000000001f760000)]
  0x000000001ebaf000 JavaThread "C2 CompilerThread2" daemon [_thread_blocked, id=6128, stack(0x000000001f560000,0x000000001f660000)]
  0x000000001ebaa000 JavaThread "C2 CompilerThread1" daemon [_thread_blocked, id=21704, stack(0x000000001f460000,0x000000001f560000)]
  0x000000001eba8000 JavaThread "C2 CompilerThread0" daemon [_thread_blocked, id=23108, stack(0x000000001f360000,0x000000001f460000)]
  0x000000001eba6000 JavaThread "Attach Listener" daemon [_thread_blocked, id=22920, stack(0x000000001f260000,0x000000001f360000)]
  0x000000001eba5000 JavaThread "Signal Dispatcher" daemon [_thread_blocked, id=11668, stack(0x000000001f160000,0x000000001f260000)]
  0x000000001eb90800 JavaThread "Finalizer" daemon [_thread_blocked, id=23112, stack(0x000000001ef70000,0x000000001f070000)]
  0x000000001cc7f000 JavaThread "Reference Handler" daemon [_thread_blocked, id=12688, stack(0x000000001ea70000,0x000000001eb70000)]

Other Threads:
  0x000000001cc77800 VMThread [stack: 0x000000001e970000,0x000000001ea70000] [id=17044]
  0x00000000202ee000 WatcherThread [stack: 0x00000000206e0000,0x00000000207e0000] [id=15280]

VM state:not at safepoint (normal execution)

VM Mutex/Monitor currently owned by a thread: None

Heap:
 PSYoungGen      total 268800K, used 140385K [0x000000076b780000, 0x0000000780a80000, 0x00000007c0000000)
  eden space 245760K, 57% used [0x000000076b780000,0x0000000774098418,0x000000077a780000)
  from space 23040K, 0% used [0x000000077a780000,0x000000077a780000,0x000000077be00000)
  to   space 23040K, 0% used [0x000000077f400000,0x000000077f400000,0x0000000780a80000)
 ParOldGen       total 229888K, used 34127K [0x00000006c2600000, 0x00000006d0680000, 0x000000076b780000)
  object space 229888K, 14% used [0x00000006c2600000,0x00000006c4753c68,0x00000006d0680000)
 Metaspace       used 61130K, capacity 64287K, committed 64472K, reserved 1103872K
  class space    used 8597K, capacity 9146K, committed 9176K, reserved 1048576K

Card table byte_map: [0x0000000012690000,0x0000000012e80000] byte_map_base: 0x000000000f07d000

Marking Bits: (ParMarkBitMap*) 0x000000006d14c720
 Begin Bits: [0x0000000013bd0000, 0x0000000017b38000)
 End Bits:   [0x0000000017b38000, 0x000000001baa0000)

Polling page: 0x0000000001770000

CodeCache: size=245760Kb used=14654Kb max_used=14654Kb free=231105Kb
 bounds [0x00000000032d0000, 0x0000000004130000, 0x00000000122d0000]
 total_blobs=8386 nmethods=7834 adapters=463
 compilation: enabled

Compilation events (10 events):
Event: 1172.943 Thread 0x000000001ebb5000 nmethod 8003 0x000000000411ff90 code [0x0000000004120120, 0x0000000004120668]
Event: 1172.943 Thread 0x000000001ebb5000 8002       1       org.apache.catalina.util.SessionConfig::getConfiguredSessionCookieName (58 bytes)
Event: 1172.944 Thread 0x000000001ebb5000 nmethod 8002 0x0000000004120a10 code [0x0000000004120ba0, 0x0000000004120dc8]
Event: 1173.448 Thread 0x000000001ebb5000 8004       1       java.util.Date::<init> (8 bytes)
Event: 1173.449 Thread 0x000000001ebb5000 nmethod 8004 0x0000000004120f90 code [0x00000000041210e0, 0x00000000041211f0]
Event: 1173.450 Thread 0x000000001ebb5000 8005   !   1       org.apache.tomcat.util.net.AbstractEndpoint::processSocket (147 bytes)
Event: 1173.452 Thread 0x000000001ebb5000 nmethod 8005 0x0000000004121250 code [0x00000000041214a0, 0x0000000004121fa8]
Event: 1173.452 Thread 0x000000001ebb5000 8006       1       org.apache.tomcat.util.net.SocketProcessorBase::reset (16 bytes)
Event: 1173.453 Thread 0x000000001ebb5000 nmethod 8006 0x00000000041229d0 code [0x0000000004122b40, 0x0000000004122d28]
Event: 1173.453 Thread 0x000000001ebb5000 8007   !   1       org.apache.coyote.AbstractProtocol$ConnectionHandler::process (1269 bytes)

GC Heap History (10 events):
Event: 16.737 GC heap before
{Heap before GC invocations=12 (full 2):
 PSYoungGen      total 163328K, used 155399K [0x000000076b780000, 0x0000000779600000, 0x00000007c0000000)
  eden space 147968K, 100% used [0x000000076b780000,0x0000000774800000,0x0000000774800000)
  from space 15360K, 48% used [0x0000000774800000,0x0000000774f41f50,0x0000000775700000)
  to   space 15360K, 0% used [0x0000000778700000,0x0000000778700000,0x0000000779600000)
 ParOldGen       total 165888K, used 21577K [0x00000006c2600000, 0x00000006cc800000, 0x000000076b780000)
  object space 165888K, 13% used [0x00000006c2600000,0x00000006c3b127b0,0x00000006cc800000)
 Metaspace       used 41319K, capacity 43218K, committed 43520K, reserved 1087488K
  class space    used 5713K, capacity 6088K, committed 6144K, reserved 1048576K
Event: 16.754 GC heap after
Heap after GC invocations=12 (full 2):
 PSYoungGen      total 206336K, used 12835K [0x000000076b780000, 0x0000000779400000, 0x00000007c0000000)
  eden space 193024K, 0% used [0x000000076b780000,0x000000076b780000,0x0000000777400000)
  from space 13312K, 96% used [0x0000000778700000,0x0000000779388d88,0x0000000779400000)
  to   space 15872K, 0% used [0x0000000777500000,0x0000000777500000,0x0000000778480000)
 ParOldGen       total 165888K, used 21585K [0x00000006c2600000, 0x00000006cc800000, 0x000000076b780000)
  object space 165888K, 13% used [0x00000006c2600000,0x00000006c3b147b0,0x00000006cc800000)
 Metaspace       used 41319K, capacity 43218K, committed 43520K, reserved 1087488K
  class space    used 5713K, capacity 6088K, committed 6144K, reserved 1048576K
}
Event: 18.392 GC heap before
{Heap before GC invocations=13 (full 2):
 PSYoungGen      total 206336K, used 205859K [0x000000076b780000, 0x0000000779400000, 0x00000007c0000000)
  eden space 193024K, 100% used [0x000000076b780000,0x0000000777400000,0x0000000777400000)
  from space 13312K, 96% used [0x0000000778700000,0x0000000779388d88,0x0000000779400000)
  to   space 15872K, 0% used [0x0000000777500000,0x0000000777500000,0x0000000778480000)
 ParOldGen       total 165888K, used 21585K [0x00000006c2600000, 0x00000006cc800000, 0x000000076b780000)
  object space 165888K, 13% used [0x00000006c2600000,0x00000006c3b147b0,0x00000006cc800000)
 Metaspace       used 46668K, capacity 48810K, committed 49024K, reserved 1091584K
  class space    used 6504K, capacity 6914K, committed 7040K, reserved 1048576K
Event: 18.410 GC heap after
Heap after GC invocations=13 (full 2):
 PSYoungGen      total 209920K, used 15849K [0x000000076b780000, 0x000000077d000000, 0x00000007c0000000)
  eden space 194048K, 0% used [0x000000076b780000,0x000000076b780000,0x0000000777500000)
  from space 15872K, 99% used [0x0000000777500000,0x000000077847a420,0x0000000778480000)
  to   space 18432K, 0% used [0x000000077be00000,0x000000077be00000,0x000000077d000000)
 ParOldGen       total 165888K, used 24437K [0x00000006c2600000, 0x00000006cc800000, 0x000000076b780000)
  object space 165888K, 14% used [0x00000006c2600000,0x00000006c3ddd608,0x00000006cc800000)
 Metaspace       used 46668K, capacity 48810K, committed 49024K, reserved 1091584K
  class space    used 6504K, capacity 6914K, committed 7040K, reserved 1048576K
}
Event: 25.279 GC heap before
{Heap before GC invocations=14 (full 2):
 PSYoungGen      total 209920K, used 209897K [0x000000076b780000, 0x000000077d000000, 0x00000007c0000000)
  eden space 194048K, 100% used [0x000000076b780000,0x0000000777500000,0x0000000777500000)
  from space 15872K, 99% used [0x0000000777500000,0x000000077847a420,0x0000000778480000)
  to   space 18432K, 0% used [0x000000077be00000,0x000000077be00000,0x000000077d000000)
 ParOldGen       total 165888K, used 24437K [0x00000006c2600000, 0x00000006cc800000, 0x000000076b780000)
  object space 165888K, 14% used [0x00000006c2600000,0x00000006c3ddd608,0x00000006cc800000)
 Metaspace       used 52756K, capacity 55272K, committed 55424K, reserved 1097728K
  class space    used 7327K, capacity 7791K, committed 7808K, reserved 1048576K
Event: 25.302 GC heap after
Heap after GC invocations=14 (full 2):
 PSYoungGen      total 264192K, used 18418K [0x000000076b780000, 0x000000077d480000, 0x00000007c0000000)
  eden space 245760K, 0% used [0x000000076b780000,0x000000076b780000,0x000000077a780000)
  from space 18432K, 99% used [0x000000077be00000,0x000000077cffcb48,0x000000077d000000)
  to   space 23040K, 0% used [0x000000077a780000,0x000000077a780000,0x000000077be00000)
 ParOldGen       total 165888K, used 30442K [0x00000006c2600000, 0x00000006cc800000, 0x000000076b780000)
  object space 165888K, 18% used [0x00000006c2600000,0x00000006c43ba990,0x00000006cc800000)
 Metaspace       used 52756K, capacity 55272K, committed 55424K, reserved 1097728K
  class space    used 7327K, capacity 7791K, committed 7808K, reserved 1048576K
}
Event: 218.492 GC heap before
{Heap before GC invocations=15 (full 2):
 PSYoungGen      total 264192K, used 107295K [0x000000076b780000, 0x000000077d480000, 0x00000007c0000000)
  eden space 245760K, 36% used [0x000000076b780000,0x0000000770e4b4b0,0x000000077a780000)
  from space 18432K, 99% used [0x000000077be00000,0x000000077cffcb48,0x000000077d000000)
  to   space 23040K, 0% used [0x000000077a780000,0x000000077a780000,0x000000077be00000)
 ParOldGen       total 165888K, used 30442K [0x00000006c2600000, 0x00000006cc800000, 0x000000076b780000)
  object space 165888K, 18% used [0x00000006c2600000,0x00000006c43ba990,0x00000006cc800000)
 Metaspace       used 56193K, capacity 59022K, committed 59096K, reserved 1099776K
  class space    used 7844K, capacity 8349K, committed 8408K, reserved 1048576K
Event: 218.540 GC heap after
Heap after GC invocations=15 (full 2):
 PSYoungGen      total 268800K, used 4018K [0x000000076b780000, 0x0000000780a80000, 0x00000007c0000000)
  eden space 245760K, 0% used [0x000000076b780000,0x000000076b780000,0x000000077a780000)
  from space 23040K, 17% used [0x000000077a780000,0x000000077ab6c818,0x000000077be00000)
  to   space 23040K, 0% used [0x000000077f400000,0x000000077f400000,0x0000000780a80000)
 ParOldGen       total 165888K, used 41517K [0x00000006c2600000, 0x00000006cc800000, 0x000000076b780000)
  object space 165888K, 25% used [0x00000006c2600000,0x00000006c4e8b520,0x00000006cc800000)
 Metaspace       used 56193K, capacity 59022K, committed 59096K, reserved 1099776K
  class space    used 7844K, capacity 8349K, committed 8408K, reserved 1048576K
}
Event: 218.540 GC heap before
{Heap before GC invocations=16 (full 3):
 PSYoungGen      total 268800K, used 4018K [0x000000076b780000, 0x0000000780a80000, 0x00000007c0000000)
  eden space 245760K, 0% used [0x000000076b780000,0x000000076b780000,0x000000077a780000)
  from space 23040K, 17% used [0x000000077a780000,0x000000077ab6c818,0x000000077be00000)
  to   space 23040K, 0% used [0x000000077f400000,0x000000077f400000,0x0000000780a80000)
 ParOldGen       total 165888K, used 41517K [0x00000006c2600000, 0x00000006cc800000, 0x000000076b780000)
  object space 165888K, 25% used [0x00000006c2600000,0x00000006c4e8b520,0x00000006cc800000)
 Metaspace       used 56193K, capacity 59022K, committed 59096K, reserved 1099776K
  class space    used 7844K, capacity 8349K, committed 8408K, reserved 1048576K
Event: 218.790 GC heap after
Heap after GC invocations=16 (full 3):
 PSYoungGen      total 268800K, used 0K [0x000000076b780000, 0x0000000780a80000, 0x00000007c0000000)
  eden space 245760K, 0% used [0x000000076b780000,0x000000076b780000,0x000000077a780000)
  from space 23040K, 0% used [0x000000077a780000,0x000000077a780000,0x000000077be00000)
  to   space 23040K, 0% used [0x000000077f400000,0x000000077f400000,0x0000000780a80000)
 ParOldGen       total 229888K, used 34127K [0x00000006c2600000, 0x00000006d0680000, 0x000000076b780000)
  object space 229888K, 14% used [0x00000006c2600000,0x00000006c4753c68,0x00000006d0680000)
 Metaspace       used 56193K, capacity 59022K, committed 59096K, reserved 1099776K
  class space    used 7844K, capacity 8349K, committed 8408K, reserved 1048576K
}

Deoptimization events (0 events):
No events

Internal exceptions (10 events):
Event: 1123.757 Thread 0x0000000023b38800 Exception <a 'java/net/SocketTimeoutException': Read timed out> (0x000000076c59f510) thrown at [C:\re\workspace\8-2-build-windows-amd64-cygwin\jdk8u131\8869\hotspot\src\share\vm\prims\jni.cpp, line 735]
Event: 1137.966 Thread 0x0000000023b31800 Exception <a 'java/net/SocketTimeoutException': Read timed out> (0x000000076d2230e0) thrown at [C:\re\workspace\8-2-build-windows-amd64-cygwin\jdk8u131\8869\hotspot\src\share\vm\prims\jni.cpp, line 735]
Event: 1138.775 Thread 0x0000000021999800 Exception <a 'java/net/ConnectException': Connection refused: connect> (0x0000000773d0fd48) thrown at [C:\re\workspace\8-2-build-windows-amd64-cygwin\jdk8u131\8869\hotspot\src\share\vm\prims\jni.cpp, line 735]
Event: 1138.860 Thread 0x0000000023b37000 Exception <a 'java/net/SocketTimeoutException': Read timed out> (0x000000076c41f6a0) thrown at [C:\re\workspace\8-2-build-windows-amd64-cygwin\jdk8u131\8869\hotspot\src\share\vm\prims\jni.cpp, line 735]
Event: 1143.444 Thread 0x0000000023b31000 Exception <a 'java/net/SocketTimeoutException': Read timed out> (0x000000076c4e9640) thrown at [C:\re\workspace\8-2-build-windows-amd64-cygwin\jdk8u131\8869\hotspot\src\share\vm\prims\jni.cpp, line 735]
Event: 1153.768 Thread 0x0000000023b38800 Exception <a 'java/net/SocketTimeoutException': Read timed out> (0x000000076c5a7920) thrown at [C:\re\workspace\8-2-build-windows-amd64-cygwin\jdk8u131\8869\hotspot\src\share\vm\prims\jni.cpp, line 735]
Event: 1167.974 Thread 0x0000000023b34800 Exception <a 'java/net/SocketTimeoutException': Read timed out> (0x000000076cee1c30) thrown at [C:\re\workspace\8-2-build-windows-amd64-cygwin\jdk8u131\8869\hotspot\src\share\vm\prims\jni.cpp, line 735]
Event: 1168.864 Thread 0x0000000023b37000 Exception <a 'java/net/SocketTimeoutException': Read timed out> (0x000000076c427ab0) thrown at [C:\re\workspace\8-2-build-windows-amd64-cygwin\jdk8u131\8869\hotspot\src\share\vm\prims\jni.cpp, line 735]
Event: 1169.812 Thread 0x0000000021999800 Exception <a 'java/net/ConnectException': Connection refused: connect> (0x0000000773d14e90) thrown at [C:\re\workspace\8-2-build-windows-amd64-cygwin\jdk8u131\8869\hotspot\src\share\vm\prims\jni.cpp, line 735]
Event: 1173.448 Thread 0x0000000023b31000 Exception <a 'java/net/SocketTimeoutException': Read timed out> (0x000000076c4f1a50) thrown at [C:\re\workspace\8-2-build-windows-amd64-cygwin\jdk8u131\8869\hotspot\src\share\vm\prims\jni.cpp, line 735]

Events (10 events):
Event: 928.250 Thread 0x000000001ebb5000 flushing nmethod 0x0000000003c37a10
Event: 928.251 Thread 0x000000001ebb5000 flushing nmethod 0x0000000003c8ee10
Event: 928.256 Thread 0x000000001ebb5000 flushing nmethod 0x0000000003dc2f50
Event: 928.256 Thread 0x000000001ebb5000 flushing nmethod 0x0000000003de6c50
Event: 928.256 Thread 0x000000001ebb5000 flushing nmethod 0x0000000003e33050
Event: 973.158 Executing VM operation: BulkRevokeBias
Event: 973.159 Executing VM operation: BulkRevokeBias done
Event: 1003.184 Executing VM operation: RevokeBias
Event: 1003.185 Executing VM operation: RevokeBias done
Event: 1053.428 Thread 0x000000001ebb5000 flushing nmethod 0x0000000003dac610


Dynamic libraries:
0x00007ff6483a0000 - 0x00007ff6483d7000 	C:\Program Files\Java\jdk1.8.0_131\bin\javaw.exe
0x00007fff3d8a0000 - 0x00007fff3da81000 	C:\windows\SYSTEM32\ntdll.dll
0x00007fff3b930000 - 0x00007fff3b9e1000 	C:\windows\System32\KERNEL32.DLL
0x00007fff3a700000 - 0x00007fff3a973000 	C:\windows\System32\KERNELBASE.dll
0x000000006f280000 - 0x000000006f313000 	C:\windows\System32\SYSFER.DLL
0x00007fff3d7c0000 - 0x00007fff3d861000 	C:\windows\System32\ADVAPI32.dll
0x00007fff3b250000 - 0x00007fff3b2ee000 	C:\windows\System32\msvcrt.dll
0x00007fff3d730000 - 0x00007fff3d78b000 	C:\windows\System32\sechost.dll
0x00007fff3b360000 - 0x00007fff3b484000 	C:\windows\System32\RPCRT4.dll
0x00007fff3ad30000 - 0x00007fff3aec0000 	C:\windows\System32\USER32.dll
0x00007fff3a610000 - 0x00007fff3a630000 	C:\windows\System32\win32u.dll
0x00007fff3d700000 - 0x00007fff3d728000 	C:\windows\System32\GDI32.dll
0x00007fff3a470000 - 0x00007fff3a601000 	C:\windows\System32\gdi32full.dll
0x00007fff3a9e0000 - 0x00007fff3aa7f000 	C:\windows\System32\msvcp_win.dll
0x00007fff39c60000 - 0x00007fff39d58000 	C:\windows\System32\ucrtbase.dll
0x00007fff29cf0000 - 0x00007fff29f59000 	C:\windows\WinSxS\amd64_microsoft.windows.common-controls_6595b64144ccf1df_6.0.17134.1304_none_d3fbe61b7c93d9f0\COMCTL32.dll
0x00007fff3aec0000 - 0x00007fff3b1e1000 	C:\windows\System32\combase.dll
0x00007fff3a630000 - 0x00007fff3a6a9000 	C:\windows\System32\bcryptPrimitives.dll
0x00007fff3d790000 - 0x00007fff3d7bd000 	C:\windows\System32\IMM32.DLL
0x000000006d1d0000 - 0x000000006d2a2000 	C:\Program Files\Java\jdk1.8.0_131\jre\bin\msvcr100.dll
0x000000006c930000 - 0x000000006d1cc000 	C:\Program Files\Java\jdk1.8.0_131\jre\bin\server\jvm.dll
0x00007fff3d6f0000 - 0x00007fff3d6f8000 	C:\windows\System32\PSAPI.DLL
0x00007fff20400000 - 0x00007fff20409000 	C:\windows\SYSTEM32\WSOCK32.dll
0x00007fff3d680000 - 0x00007fff3d6ec000 	C:\windows\System32\WS2_32.dll
0x00007fff33800000 - 0x00007fff33823000 	C:\windows\SYSTEM32\WINMM.dll
0x00007fff38ba0000 - 0x00007fff38baa000 	C:\windows\SYSTEM32\VERSION.dll
0x00007fff337a0000 - 0x00007fff337ca000 	C:\windows\SYSTEM32\WINMMBASE.dll
0x00007fff3a6b0000 - 0x00007fff3a6f9000 	C:\windows\System32\cfgmgr32.dll
0x000000006dbc0000 - 0x000000006dbcf000 	C:\Program Files\Java\jdk1.8.0_131\jre\bin\verify.dll
0x000000006c900000 - 0x000000006c929000 	C:\Program Files\Java\jdk1.8.0_131\jre\bin\java.dll
0x000000006dba0000 - 0x000000006dbb6000 	C:\Program Files\Java\jdk1.8.0_131\jre\bin\zip.dll
0x00007fff3c210000 - 0x00007fff3d655000 	C:\windows\System32\SHELL32.dll
0x00007fff3b580000 - 0x00007fff3b629000 	C:\windows\System32\shcore.dll
0x00007fff39d60000 - 0x00007fff3a470000 	C:\windows\System32\windows.storage.dll
0x00007fff3b1f0000 - 0x00007fff3b241000 	C:\windows\System32\shlwapi.dll
0x00007fff39c00000 - 0x00007fff39c11000 	C:\windows\System32\kernel.appcore.dll
0x00007fff39c40000 - 0x00007fff39c5f000 	C:\windows\System32\profapi.dll
0x00007fff39bb0000 - 0x00007fff39bfc000 	C:\windows\System32\powrprof.dll
0x00007fff39ba0000 - 0x00007fff39baa000 	C:\windows\System32\FLTLIB.DLL
0x000000006c8e0000 - 0x000000006c8ed000 	C:\Program Files\Java\jdk1.8.0_131\jre\bin\management.dll
0x000000006c8c0000 - 0x000000006c8da000 	C:\Program Files\Java\jdk1.8.0_131\jre\bin\net.dll
0x00007fff393d0000 - 0x00007fff39436000 	C:\windows\system32\mswsock.dll
0x000000006c890000 - 0x000000006c8a1000 	C:\Program Files\Java\jdk1.8.0_131\jre\bin\nio.dll
0x00007fff12300000 - 0x00007fff12316000 	C:\windows\system32\napinsp.dll
0x00007fff12340000 - 0x00007fff1235a000 	C:\windows\system32\pnrpnsp.dll
0x00007fff31b60000 - 0x00007fff31b79000 	C:\windows\system32\NLAapi.dll
0x00007fff39180000 - 0x00007fff3923e000 	C:\windows\SYSTEM32\DNSAPI.dll
0x00007fff3b350000 - 0x00007fff3b358000 	C:\windows\System32\NSI.dll
0x00007fff39130000 - 0x00007fff39168000 	C:\windows\SYSTEM32\IPHLPAPI.DLL
0x00007fff1e350000 - 0x00007fff1e35e000 	C:\windows\System32\winrnr.dll
0x00007fff2c1a0000 - 0x00007fff2c1b5000 	C:\windows\System32\wshbth.dll
0x000000006e2b0000 - 0x000000006e2d6000 	C:\Program Files\Bonjour\mdnsNSP.dll
0x00007fff2efd0000 - 0x00007fff2efda000 	C:\Windows\System32\rasadhlp.dll
0x00007fff31220000 - 0x00007fff31292000 	C:\windows\System32\fwpuclnt.dll
0x00007fff39690000 - 0x00007fff396b5000 	C:\windows\SYSTEM32\bcrypt.dll
0x00007fff39650000 - 0x00007fff39667000 	C:\windows\SYSTEM32\CRYPTSP.dll
0x00007fff38f90000 - 0x00007fff38fc3000 	C:\windows\system32\rsaenh.dll
0x00007fff39ad0000 - 0x00007fff39af8000 	C:\windows\SYSTEM32\USERENV.dll
0x00007fff39530000 - 0x00007fff3953b000 	C:\windows\SYSTEM32\CRYPTBASE.dll
0x00007fff31570000 - 0x00007fff31586000 	C:\windows\SYSTEM32\dhcpcsvc6.DLL
0x00007fff31550000 - 0x00007fff3156a000 	C:\windows\SYSTEM32\dhcpcsvc.DLL
0x000000006c850000 - 0x000000006c874000 	C:\Program Files\Java\jdk1.8.0_131\jre\bin\sunec.dll

VM Arguments:
jvm_args: -Dcom.sun.management.jmxremote -Dcom.sun.management.jmxremote.port=62000 -Dcom.sun.management.jmxremote.authenticate=false -Dcom.sun.management.jmxremote.ssl=false -Djava.rmi.server.hostname=localhost -Dspring.jmx.enabled=true -Dspring.application.admin.enabled=true -Xverify:none -XX:TieredStopAtLevel=1 -Dspring.boot.project.name=COMMON-DISCOVERY-SERVICE -Dfile.encoding=UTF-8 
java_command: com.kgisl.main.ServiceRegistryApplication --spring.output.ansi.enabled=always
java_class_path (initial): D:\MY FOLDER\SOURCE CODE\BAGUS_POC\DOCKER\latest_source\COMMON-DISCOVERY-SERVICE\target\classes;C:\Users\sriji.n\.m2\repository\io\springfox\springfox-swagger-ui\2.6.1\springfox-swagger-ui-2.6.1.jar;C:\Users\sriji.n\.m2\repository\io\springfox\springfox-spring-web\2.6.1\springfox-spring-web-2.6.1.jar;C:\Users\sriji.n\.m2\repository\io\springfox\springfox-swagger2\2.6.1\springfox-swagger2-2.6.1.jar;C:\Users\sriji.n\.m2\repository\io\swagger\swagger-annotations\1.5.10\swagger-annotations-1.5.10.jar;C:\Users\sriji.n\.m2\repository\io\swagger\swagger-models\1.5.10\swagger-models-1.5.10.jar;C:\Users\sriji.n\.m2\repository\com\fasterxml\jackson\core\jackson-annotations\2.9.0\jackson-annotations-2.9.0.jar;C:\Users\sriji.n\.m2\repository\io\springfox\springfox-spi\2.6.1\springfox-spi-2.6.1.jar;C:\Users\sriji.n\.m2\repository\io\springfox\springfox-core\2.6.1\springfox-core-2.6.1.jar;C:\Users\sriji.n\.m2\repository\io\springfox\springfox-schema\2.6.1\springfox-schema-2.6.1.jar;C:\Users\sriji.n\.m2\repository\io\springfox\springfox-swagger-common\2.6.1\springfox-swagger-common-2.6.1.jar;C:\Users\sriji.n\.m2\repository\com\google\guava\guava\18.0\guava-18.0.jar;C:\Users\sriji.n\.m2\repository\com\fasterxml\classmate\1.4.0\classmate-1.4.0.jar;C:\Users\sriji.n\.m2\repository\org\slf4j\slf4j-api\1.7.26\slf4j-api-1.7.26.jar;C:\Users\sriji.n\.m2\repository\org\springframework\plugin\spring-plugin-core\1.2.0.RELEASE\spring-plugin-core-1.2.0.RELEASE.jar;C:\Users\sriji.n\.m2\repository\org\springframework\spring-beans\5.1.8.RELEASE\spring-beans-5.1.8.RELEASE.jar;C:\Users\sriji.n\.m2\repository\org\springframework\spring-context\5.1.8.RELEASE\spring-context-5.1.8.RELEASE.jar;C:\Users\sriji.n\.m2\repository\org\springframework\plugin\spring-plugin-metadata\1.2.0.RELEASE\spring-plugin-metadata-1.2.0.RELEASE.jar;C:\Users\sriji.n\.m2\repository\org\mapstruct\mapstruct\1.0.0.Final\mapstruct-1.0.0.Final.jar;C:\Users\sriji.n\.m2\repository\org\springframework\boot
Launcher Type: SUN_STANDARD

Environment Variables:
PATH=C:/Program Files/Java/jre1.8.0_131/bin/server;C:/Program Files/Java/jre1.8.0_131/bin;C:/Program Files/Java/jre1.8.0_131/lib/amd64;C:\Program Files\Java\IBM_Java_1.7_64\bin;D:\app\product\11.2.0\client_1\bin;C:\ProgramData\Oracle\Java\javapath;C:\Program Files (x86)\Intel\iCLS Client\;C:\Program Files\Intel\iCLS Client\;C:\windows\system32;C:\windows;C:\windows\System32\Wbem;C:\windows\System32\WindowsPowerShell\v1.0\;C:\windows\System32\OpenSSH\;D:\apache-maven-3.6.2\bin;C:\Program Files (x86)\Intel\Intel(R) Management Engine Components\DAL;C:\Program Files\Intel\Intel(R) Management Engine Components\DAL;C:\Program Files (x86)\Intel\Intel(R) Management Engine Components\IPT;C:\Program Files\Intel\Intel(R) Management Engine Components\IPT;C:\Program Files (x86)\Microsoft SQL Server\Client SDK\ODBC\130\Tools\Binn\;C:\Program Files (x86)\Microsoft SQL Server\140\Tools\Binn\;C:\Program Files (x86)\Microsoft SQL Server\140\DTS\Binn\;C:\Program Files (x86)\Microsoft SQL Server\140\Tools\Binn\ManagementStudio\;C:\Program Files\nodejs\;D:\Program Files\TortoiseGit\bin;C:\Program Files\Intel\WiFi\bin\;C:\Program Files\Common Files\Intel\WirelessCommon\;C:\Program Files\Docker\Docker\resources\bin;C:\ProgramData\DockerDesktop\version-bin;C:\Program Files\Microsoft VS Code\bin;C:\Users\sriji.n\AppData\Local\Microsoft\WindowsApps;C:\Users\sriji.n\AppData\Roaming\npm;D:\MY FOLDER\SOFTWARE\sts-4.1.0.RELEASE;
USERNAME=sriji.n
OS=Windows_NT
PROCESSOR_IDENTIFIER=Intel64 Family 6 Model 142 Stepping 10, GenuineIntel



---------------  S Y S T E M  ---------------

OS: Windows 10.0 , 64 bit Build 17134 (10.0.17134.753)

CPU:total 8 (initial active 8) (4 cores per cpu, 2 threads per core) family 6 model 142 stepping 10, cmov, cx8, fxsr, mmx, sse, sse2, sse3, ssse3, sse4.1, sse4.2, popcnt, avx, avx2, aes, clmul, erms, rtm, 3dnowpref, lzcnt, ht, tsc, tscinvbit, bmi1, bmi2, adx

Memory: 4k page, physical 16620744k(602336k free), swap 20813000k(0k free)

vm_info: Java HotSpot(TM) 64-Bit Server VM (25.131-b11) for windows-amd64 JRE (1.8.0_131-b11), built on Mar 15 2017 01:23:53 by "java_re" with MS VC++ 10.0 (VS2010)

time: Thu Jul 02 12:46:02 2020
elapsed time: 1173 seconds (0d 0h 19m 33s)

