#
# There is insufficient memory for the Java Runtime Environment to continue.
# Native memory allocation (malloc) failed to allocate 242656 bytes for Chunk::new
# Possible reasons:
#   The system is out of physical RAM or swap space
#   In 32 bit mode, the process size limit was hit
# Possible solutions:
#   Reduce memory load on the system
#   Increase physical memory or swap space
#   Check if swap backing store is full
#   Use 64 bit Java on a 64 bit OS
#   Decrease Java heap size (-Xmx/-Xms)
#   Decrease number of Java threads
#   Decrease Java thread stack sizes (-Xss)
#   Set larger code cache with -XX:ReservedCodeCacheSize=
# This output file may be truncated or incomplete.
#
#  Out of Memory Error (allocation.cpp:390), pid=18580, tid=0x0000000000004d18
#
# JRE version: Java(TM) SE Runtime Environment (8.0_131-b11) (build 1.8.0_131-b11)
# Java VM: Java HotSpot(TM) 64-Bit Server VM (25.131-b11 mixed mode windows-amd64 compressed oops)
# Failed to write core dump. Minidumps are not enabled by default on client versions of Windows
#

---------------  T H R E A D  ---------------

Current thread (0x000000001e844800):  JavaThread "C2 CompilerThread2" daemon [_thread_in_native, id=19736, stack(0x000000001f200000,0x000000001f300000)]

Stack: [0x000000001f200000,0x000000001f300000]
[error occurred during error reporting (printing stack bounds), id 0xc0000005]

Native frames: (J=compiled Java code, j=interpreted, Vv=VM code, C=native code)


Current CompileTask:
C2:    722  542   !   4       sun.nio.cs.StreamDecoder::read (196 bytes)


---------------  P R O C E S S  ---------------

Java Threads: ( => current thread )
  0x000000001e8d1000 JavaThread "Service Thread" daemon [_thread_blocked, id=8364, stack(0x000000001f400000,0x000000001f500000)]
  0x000000001e84a800 JavaThread "C1 CompilerThread3" daemon [_thread_in_native, id=17600, stack(0x000000001f300000,0x000000001f400000)]
=>0x000000001e844800 JavaThread "C2 CompilerThread2" daemon [_thread_in_native, id=19736, stack(0x000000001f200000,0x000000001f300000)]
  0x000000001e83f800 JavaThread "C2 CompilerThread1" daemon [_thread_in_native, id=13404, stack(0x000000001f100000,0x000000001f200000)]
  0x000000001e83c000 JavaThread "C2 CompilerThread0" daemon [_thread_in_native, id=6620, stack(0x000000001f000000,0x000000001f100000)]
  0x000000001e83a000 JavaThread "Attach Listener" daemon [_thread_blocked, id=4120, stack(0x000000001ef00000,0x000000001f000000)]
  0x000000001e839000 JavaThread "Signal Dispatcher" daemon [_thread_blocked, id=4088, stack(0x000000001ee00000,0x000000001ef00000)]
  0x000000001e831800 JavaThread "Finalizer" daemon [_thread_blocked, id=21892, stack(0x000000001ec10000,0x000000001ed10000)]
  0x000000001c93d000 JavaThread "Reference Handler" daemon [_thread_blocked, id=18040, stack(0x000000001e710000,0x000000001e810000)]
  0x0000000002e8e000 JavaThread "main" [_thread_in_Java, id=5624, stack(0x0000000002cc0000,0x0000000002dc0000)]

Other Threads:
  0x000000001c939800 VMThread [stack: 0x000000001e610000,0x000000001e710000] [id=22932]
  0x000000001e8f3000 WatcherThread [stack: 0x000000001f500000,0x000000001f600000] [id=12836]

VM state:not at safepoint (normal execution)

VM Mutex/Monitor currently owned by a thread: None

Heap:
 PSYoungGen      total 75776K, used 27321K [0x000000076b780000, 0x0000000770c00000, 0x00000007c0000000)
  eden space 65024K, 42% used [0x000000076b780000,0x000000076d22e410,0x000000076f700000)
  from space 10752K, 0% used [0x0000000770180000,0x0000000770180000,0x0000000770c00000)
  to   space 10752K, 0% used [0x000000076f700000,0x000000076f700000,0x0000000770180000)
 ParOldGen       total 173568K, used 0K [0x00000006c2600000, 0x00000006ccf80000, 0x000000076b780000)
  object space 173568K, 0% used [0x00000006c2600000,0x00000006c2600000,0x00000006ccf80000)
 Metaspace       used 8380K, capacity 8540K, committed 8832K, reserved 1056768K
  class space    used 1013K, capacity 1080K, committed 1152K, reserved 1048576K

Card table byte_map: [0x0000000012350000,0x0000000012b40000] byte_map_base: 0x000000000ed3d000

Marking Bits: (ParMarkBitMap*) 0x000000006c54c720
 Begin Bits: [0x0000000013890000, 0x00000000177f8000)
 End Bits:   [0x00000000177f8000, 0x000000001b760000)

Polling page: 0x0000000002be0000

CodeCache: size=245760Kb used=2648Kb max_used=2648Kb free=243111Kb
 bounds [0x0000000002f90000, 0x0000000003230000, 0x0000000011f90000]
 total_blobs=874 nmethods=550 adapters=237
 compilation: enabled

Compilation events (10 events):
Event: 0.718 Thread 0x000000001e84a800  529       3       java.nio.CharBuffer::<init> (22 bytes)
Event: 0.718 Thread 0x000000001e84a800 nmethod 529 0x0000000003213150 code [0x00000000032132c0, 0x0000000003213488]
Event: 0.718 Thread 0x000000001e84a800  535       3       sun.nio.cs.UTF_8$Decoder::decodeLoop (28 bytes)
Event: 0.718 Thread 0x000000001e84a800 nmethod 535 0x0000000003212910 code [0x0000000003212aa0, 0x0000000003212fd8]
Event: 0.718 Thread 0x000000001e84a800  536   !   3       java.nio.CharBuffer::wrap (20 bytes)
Event: 0.718 Thread 0x000000001e84a800 nmethod 536 0x0000000003212150 code [0x00000000032122e0, 0x0000000003212698]
Event: 0.718 Thread 0x000000001e84a800  537       3       java.nio.HeapCharBuffer::<init> (14 bytes)
Event: 0.718 Thread 0x000000001e84a800 nmethod 537 0x000000000321eb90 code [0x000000000321ed00, 0x000000000321ef48]
Event: 0.718 Thread 0x000000001e84a800  539   !   3       sun.nio.cs.StreamDecoder::read0 (116 bytes)
Event: 0.718 Thread 0x000000001e84a800 nmethod 539 0x000000000321f090 code [0x000000000321f220, 0x000000000321f788]

GC Heap History (0 events):
No events

Deoptimization events (3 events):
Event: 0.708 Thread 0x0000000002e8e000 Uncommon trap: reason=range_check action=make_not_entrant pc=0x000000000320ca68 method=sun.reflect.generics.parser.SignatureParser.current()C @ 34
Event: 0.712 Thread 0x0000000002e8e000 Uncommon trap: reason=unstable_if action=reinterpret pc=0x0000000003173968 method=org.codehaus.plexus.util.xml.pull.MXParser.more()C @ 8
Event: 0.717 Thread 0x0000000002e8e000 Uncommon trap: reason=unstable_if action=reinterpret pc=0x0000000003211d14 method=java.nio.charset.CoderResult.isOverflow()Z @ 5

Internal exceptions (10 events):
Event: 0.707 Thread 0x0000000002e8e000 Exception <a 'java/lang/ArrayIndexOutOfBoundsException'> (0x000000076cdf7a20) thrown at [C:\re\workspace\8-2-build-windows-amd64-cygwin\jdk8u131\8869\hotspot\src\share\vm\runtime\sharedRuntime.cpp, line 605]
Event: 0.707 Thread 0x0000000002e8e000 Exception <a 'java/lang/ArrayIndexOutOfBoundsException'> (0x000000076cdf87c0) thrown at [C:\re\workspace\8-2-build-windows-amd64-cygwin\jdk8u131\8869\hotspot\src\share\vm\runtime\sharedRuntime.cpp, line 605]
Event: 0.707 Thread 0x0000000002e8e000 Exception <a 'java/lang/ArrayIndexOutOfBoundsException'> (0x000000076cdfa4b0) thrown at [C:\re\workspace\8-2-build-windows-amd64-cygwin\jdk8u131\8869\hotspot\src\share\vm\runtime\sharedRuntime.cpp, line 605]
Event: 0.707 Thread 0x0000000002e8e000 Exception <a 'java/lang/ArrayIndexOutOfBoundsException'> (0x000000076cdfc0a8) thrown at [C:\re\workspace\8-2-build-windows-amd64-cygwin\jdk8u131\8869\hotspot\src\share\vm\runtime\sharedRuntime.cpp, line 605]
Event: 0.708 Thread 0x0000000002e8e000 Exception <a 'java/lang/ArrayIndexOutOfBoundsException'> (0x000000076cdfe178) thrown at [C:\re\workspace\8-2-build-windows-amd64-cygwin\jdk8u131\8869\hotspot\src\share\vm\runtime\sharedRuntime.cpp, line 605]
Event: 0.708 Thread 0x0000000002e8e000 Exception <a 'java/lang/ArrayIndexOutOfBoundsException'> (0x000000076cdff6f0) thrown at [C:\re\workspace\8-2-build-windows-amd64-cygwin\jdk8u131\8869\hotspot\src\share\vm\runtime\sharedRuntime.cpp, line 605]
Event: 0.708 Thread 0x0000000002e8e000 Exception <a 'java/lang/ArrayIndexOutOfBoundsException'> (0x000000076ce00558) thrown at [C:\re\workspace\8-2-build-windows-amd64-cygwin\jdk8u131\8869\hotspot\src\share\vm\runtime\sharedRuntime.cpp, line 605]
Event: 0.708 Thread 0x0000000002e8e000 Exception <a 'java/lang/ArrayIndexOutOfBoundsException'> (0x000000076ce012f0) thrown at [C:\re\workspace\8-2-build-windows-amd64-cygwin\jdk8u131\8869\hotspot\src\share\vm\runtime\sharedRuntime.cpp, line 605]
Event: 0.708 Thread 0x0000000002e8e000 Exception <a 'java/lang/ArrayIndexOutOfBoundsException': 86> (0x000000076ce02a38) thrown at [C:\re\workspace\8-2-build-windows-amd64-cygwin\jdk8u131\8869\hotspot\src\share\vm\interpreter\interpreterRuntime.cpp, line 366]
Event: 0.708 Thread 0x0000000002e8e000 Exception <a 'java/lang/ArrayIndexOutOfBoundsException': 100> (0x000000076ce04170) thrown at [C:\re\workspace\8-2-build-windows-amd64-cygwin\jdk8u131\8869\hotspot\src\share\vm\interpreter\interpreterRuntime.cpp, line 366]

Events (10 events):
Event: 0.718 loading class org/apache/maven/lifecycle/mapping/LifecycleMapping
Event: 0.718 loading class org/apache/maven/lifecycle/mapping/LifecycleMapping done
Event: 0.718 loading class org/eclipse/sisu/plexus/Hints
Event: 0.718 loading class org/eclipse/sisu/plexus/Hints done
Event: 0.718 loading class org/eclipse/sisu/space/NamedClass
Event: 0.718 loading class org/eclipse/sisu/space/NamedClass done
Event: 0.718 loading class org/eclipse/sisu/space/AbstractDeferredClass
Event: 0.718 loading class org/eclipse/sisu/space/AbstractDeferredClass done
Event: 0.719 loading class org/eclipse/sisu/plexus/PlexusXmlMetadata
Event: 0.719 loading class org/eclipse/sisu/plexus/PlexusXmlMetadata done


Dynamic libraries:
0x00007ff77a5a0000 - 0x00007ff77a5d7000 	C:\Program Files\Java\jdk1.8.0_131\bin\javaw.exe
0x00007ffb2c670000 - 0x00007ffb2c851000 	C:\windows\SYSTEM32\ntdll.dll
0x00007ffb2a930000 - 0x00007ffb2a9e1000 	C:\windows\System32\KERNEL32.DLL
0x00007ffb28e70000 - 0x00007ffb290e3000 	C:\windows\System32\KERNELBASE.dll
0x000000006e5f0000 - 0x000000006e683000 	C:\windows\System32\SYSFER.DLL
0x00007ffb2be40000 - 0x00007ffb2bee1000 	C:\windows\System32\ADVAPI32.dll
0x00007ffb29c50000 - 0x00007ffb29cee000 	C:\windows\System32\msvcrt.dll
0x00007ffb29e80000 - 0x00007ffb29edb000 	C:\windows\System32\sechost.dll
0x00007ffb29af0000 - 0x00007ffb29c14000 	C:\windows\System32\RPCRT4.dll
0x00007ffb29cf0000 - 0x00007ffb29e80000 	C:\windows\System32\USER32.dll
0x00007ffb28b40000 - 0x00007ffb28b60000 	C:\windows\System32\win32u.dll
0x00007ffb29c20000 - 0x00007ffb29c48000 	C:\windows\System32\GDI32.dll
0x00007ffb28b60000 - 0x00007ffb28cf1000 	C:\windows\System32\gdi32full.dll
0x00007ffb28d00000 - 0x00007ffb28d9f000 	C:\windows\System32\msvcp_win.dll
0x00007ffb29800000 - 0x00007ffb298f8000 	C:\windows\System32\ucrtbase.dll
0x00007ffb18110000 - 0x00007ffb18379000 	C:\windows\WinSxS\amd64_microsoft.windows.common-controls_6595b64144ccf1df_6.0.17134.1304_none_d3fbe61b7c93d9f0\COMCTL32.dll
0x00007ffb29ee0000 - 0x00007ffb2a201000 	C:\windows\System32\combase.dll
0x00007ffb28da0000 - 0x00007ffb28e19000 	C:\windows\System32\bcryptPrimitives.dll
0x00007ffb2a360000 - 0x00007ffb2a38d000 	C:\windows\System32\IMM32.DLL
0x000000006c5d0000 - 0x000000006c6a2000 	C:\Program Files\Java\jdk1.8.0_131\jre\bin\msvcr100.dll
0x000000006bd30000 - 0x000000006c5cc000 	C:\Program Files\Java\jdk1.8.0_131\jre\bin\server\jvm.dll
0x00007ffb2a780000 - 0x00007ffb2a788000 	C:\windows\System32\PSAPI.DLL
0x00007ffb1dca0000 - 0x00007ffb1dca9000 	C:\windows\SYSTEM32\WSOCK32.dll
0x00007ffb2a7b0000 - 0x00007ffb2a81c000 	C:\windows\System32\WS2_32.dll
0x00007ffb1dfd0000 - 0x00007ffb1dff3000 	C:\windows\SYSTEM32\WINMM.dll
0x00007ffb27970000 - 0x00007ffb2797a000 	C:\windows\SYSTEM32\VERSION.dll
0x00007ffb1df90000 - 0x00007ffb1dfba000 	C:\windows\SYSTEM32\WINMMBASE.dll
0x00007ffb28e20000 - 0x00007ffb28e69000 	C:\windows\System32\cfgmgr32.dll
0x000000006bd20000 - 0x000000006bd2f000 	C:\Program Files\Java\jdk1.8.0_131\jre\bin\verify.dll
0x000000006bcf0000 - 0x000000006bd19000 	C:\Program Files\Java\jdk1.8.0_131\jre\bin\java.dll
0x000000006bcd0000 - 0x000000006bce6000 	C:\Program Files\Java\jdk1.8.0_131\jre\bin\zip.dll
0x00007ffb2a9f0000 - 0x00007ffb2be35000 	C:\windows\System32\SHELL32.dll
0x00007ffb2a880000 - 0x00007ffb2a929000 	C:\windows\System32\shcore.dll
0x00007ffb290f0000 - 0x00007ffb29800000 	C:\windows\System32\windows.storage.dll
0x00007ffb2c440000 - 0x00007ffb2c491000 	C:\windows\System32\shlwapi.dll
0x00007ffb289e0000 - 0x00007ffb289f1000 	C:\windows\System32\kernel.appcore.dll
0x00007ffb289c0000 - 0x00007ffb289df000 	C:\windows\System32\profapi.dll
0x00007ffb28970000 - 0x00007ffb289bc000 	C:\windows\System32\powrprof.dll
0x00007ffb28a20000 - 0x00007ffb28a2a000 	C:\windows\System32\FLTLIB.DLL
0x00007ffb283b0000 - 0x00007ffb283c7000 	C:\windows\SYSTEM32\CRYPTSP.dll
0x00007ffb27d60000 - 0x00007ffb27d93000 	C:\windows\system32\rsaenh.dll
0x00007ffb284d0000 - 0x00007ffb284f5000 	C:\windows\SYSTEM32\bcrypt.dll
0x00007ffb28870000 - 0x00007ffb28898000 	C:\windows\SYSTEM32\USERENV.dll
0x00007ffb28300000 - 0x00007ffb2830b000 	C:\windows\SYSTEM32\CRYPTBASE.dll
0x000000006bc60000 - 0x000000006bc7a000 	C:\Program Files\Java\jdk1.8.0_131\jre\bin\net.dll
0x00007ffb281a0000 - 0x00007ffb28206000 	C:\windows\system32\mswsock.dll
0x00007ffb27f00000 - 0x00007ffb27f38000 	C:\windows\SYSTEM32\IPHLPAPI.DLL
0x00007ffb2a390000 - 0x00007ffb2a398000 	C:\windows\System32\NSI.dll
0x00007ffb1e4f0000 - 0x00007ffb1e506000 	C:\windows\SYSTEM32\dhcpcsvc6.DLL
0x00007ffb1e4d0000 - 0x00007ffb1e4ea000 	C:\windows\SYSTEM32\dhcpcsvc.DLL
0x000000006bc40000 - 0x000000006bc51000 	C:\Program Files\Java\jdk1.8.0_131\jre\bin\nio.dll
0x00007ffb228f0000 - 0x00007ffb228fa000 	C:\Users\sriji.n\AppData\Local\Temp\jansi-1.17-8730763194039538394.dll
0x00007ffb1e000000 - 0x00007ffb1e00a000 	C:\Users\sriji.n\AppData\Local\Temp\jansi-1.17-7936519734668864539.dll

VM Arguments:
jvm_args: -Dmaven.home=EMBEDDED -Dclassworlds.conf=D:\MY FOLDER\SOURCE CODE\BAGUS_POC\DOCKER\.metadata\.plugins\org.eclipse.m2e.launching\launches\m2conf8248429938786195954.tmp -Dmaven.multiModuleProjectDirectory=D:\MY FOLDER\SOURCE CODE\BAGUS_POC\DOCKER\latest_source\COMMON-DISCOVERY-SERVICE -Dfile.encoding=Cp1252 
java_command: org.codehaus.plexus.classworlds.launcher.Launcher -B clean
java_class_path (initial): D:\MY FOLDER\SOFTWARE\sts-4.1.0.RELEASE\plugins\org.eclipse.m2e.maven.runtime_1.10.0.20181127-2120\jars\plexus-classworlds-2.5.2.jar
Launcher Type: SUN_STANDARD

Environment Variables:
PATH=C:/Program Files/Java/jre1.8.0_131/bin/server;C:/Program Files/Java/jre1.8.0_131/bin;C:/Program Files/Java/jre1.8.0_131/lib/amd64;C:\Program Files\Java\IBM_Java_1.7_64\bin;D:\app\product\11.2.0\client_1\bin;C:\ProgramData\Oracle\Java\javapath;C:\Program Files (x86)\Intel\iCLS Client\;C:\Program Files\Intel\iCLS Client\;C:\windows\system32;C:\windows;C:\windows\System32\Wbem;C:\windows\System32\WindowsPowerShell\v1.0\;C:\windows\System32\OpenSSH\;D:\apache-maven-3.6.2\bin;C:\Program Files (x86)\Intel\Intel(R) Management Engine Components\DAL;C:\Program Files\Intel\Intel(R) Management Engine Components\DAL;C:\Program Files (x86)\Intel\Intel(R) Management Engine Components\IPT;C:\Program Files\Intel\Intel(R) Management Engine Components\IPT;C:\Program Files (x86)\Microsoft SQL Server\Client SDK\ODBC\130\Tools\Binn\;C:\Program Files (x86)\Microsoft SQL Server\140\Tools\Binn\;C:\Program Files (x86)\Microsoft SQL Server\140\DTS\Binn\;C:\Program Files (x86)\Microsoft SQL Server\140\Tools\Binn\ManagementStudio\;C:\Program Files\nodejs\;D:\Program Files\TortoiseGit\bin;C:\Program Files\Intel\WiFi\bin\;C:\Program Files\Common Files\Intel\WirelessCommon\;;C:\Program Files\Docker\Docker\resources\bin;C:\ProgramData\DockerDesktop\version-bin;C:\Users\sriji.n\AppData\Local\Microsoft\WindowsApps;C:\Users\sriji.n\AppData\Roaming\npm;D:\MY FOLDER\SOFTWARE\sts-4.1.0.RELEASE;
USERNAME=sriji.n
OS=Windows_NT
PROCESSOR_IDENTIFIER=Intel64 Family 6 Model 142 Stepping 10, GenuineIntel



---------------  S Y S T E M  ---------------

OS: Windows 10.0 , 64 bit Build 17134 (10.0.17134.753)

CPU:total 8 (initial active 8) (4 cores per cpu, 2 threads per core) family 6 model 142 stepping 10, cmov, cx8, fxsr, mmx, sse, sse2, sse3, ssse3, sse4.1, sse4.2, popcnt, avx, avx2, aes, clmul, erms, rtm, 3dnowpref, lzcnt, ht, tsc, tscinvbit, bmi1, bmi2, adx

Memory: 4k page, physical 16620744k(3212208k free), swap 20813000k(5144k free)

vm_info: Java HotSpot(TM) 64-Bit Server VM (25.131-b11) for windows-amd64 JRE (1.8.0_131-b11), built on Mar 15 2017 01:23:53 by "java_re" with MS VC++ 10.0 (VS2010)

time: Tue Apr 28 22:07:26 2020
elapsed time: 0 seconds (0d 0h 0m 0s)

