#
# There is insufficient memory for the Java Runtime Environment to continue.
# Native memory allocation (malloc) failed to allocate 32744 bytes for ChunkPool::allocate
# Possible reasons:
#   The system is out of physical RAM or swap space
#   In 32 bit mode, the process size limit was hit
# Possible solutions:
#   Reduce memory load on the system
#   Increase physical memory or swap space
#   Check if swap backing store is full
#   Use 64 bit Java on a 64 bit OS
#   Decrease Java heap size (-Xmx/-Xms)
#   Decrease number of Java threads
#   Decrease Java thread stack sizes (-Xss)
#   Set larger code cache with -XX:ReservedCodeCacheSize=
# This output file may be truncated or incomplete.
#
#  Out of Memory Error (allocation.cpp:273), pid=18292, tid=0x0000000000000814
#
# JRE version: Java(TM) SE Runtime Environment (8.0_131-b11) (build 1.8.0_131-b11)
# Java VM: Java HotSpot(TM) 64-Bit Server VM (25.131-b11 mixed mode windows-amd64 compressed oops)
# Failed to write core dump. Minidumps are not enabled by default on client versions of Windows
#

---------------  T H R E A D  ---------------

Current thread (0x000000001edcb000):  JavaThread "C1 CompilerThread3" daemon [_thread_in_native, id=2068, stack(0x000000001fe90000,0x000000001ff90000)]

Stack: [0x000000001fe90000,0x000000001ff90000]
[error occurred during error reporting (printing stack bounds), id 0xc0000005]

Native frames: (J=compiled Java code, j=interpreted, Vv=VM code, C=native code)


Current CompileTask:
C1:  28849 4991       1       sun.nio.cs.UTF_8$Decoder::decodeArrayLoop (691 bytes)


---------------  P R O C E S S  ---------------

Java Threads: ( => current thread )
  0x00000000213b2800 JavaThread "SimpleHostRoutingFilter.connectionManagerTimer" daemon [_thread_blocked, id=19248, stack(0x0000000026490000,0x0000000026590000)]
  0x00000000213b2000 JavaThread "container-0" [_thread_blocked, id=18980, stack(0x0000000025d90000,0x0000000025e90000)]
  0x00000000213b0800 JavaThread "Catalina-utility-2" [_thread_blocked, id=1036, stack(0x0000000025c90000,0x0000000025d90000)]
  0x00000000213b4000 JavaThread "Catalina-utility-1" [_thread_blocked, id=18748, stack(0x0000000025b90000,0x0000000025c90000)]
  0x00000000213b3800 JavaThread "RxIoScheduler-1 (Evictor)" daemon [_thread_blocked, id=3732, stack(0x0000000025a90000,0x0000000025b90000)]
  0x00000000213ad800 JavaThread "spring.cloud.inetutils" daemon [_thread_blocked, id=8316, stack(0x0000000025890000,0x0000000025990000)]
  0x00000000213af000 JavaThread "JMX server connection timeout 27" daemon [_thread_blocked, id=4508, stack(0x00000000236c0000,0x00000000237c0000)]
  0x00000000213af800 JavaThread "RMI TCP Connection(4)-127.0.0.1" daemon [_thread_in_native, id=3848, stack(0x00000000235c0000,0x00000000236c0000)]
  0x00000000210a1800 JavaThread "JMX server connection timeout 24" daemon [_thread_blocked, id=9332, stack(0x00000000228c0000,0x00000000229c0000)]
  0x0000000021086000 JavaThread "RMI TCP Connection(3)-127.0.0.1" daemon [_thread_in_native, id=19740, stack(0x00000000227c0000,0x00000000228c0000)]
  0x0000000021088000 JavaThread "RMI TCP Connection(2)-127.0.0.1" daemon [_thread_in_native, id=14200, stack(0x00000000226c0000,0x00000000227c0000)]
  0x0000000020f8d800 JavaThread "JMX server connection timeout 20" daemon [_thread_blocked, id=7384, stack(0x00000000224c0000,0x00000000225c0000)]
  0x0000000020f90800 JavaThread "RMI Scheduler(0)" daemon [_thread_blocked, id=16624, stack(0x00000000223c0000,0x00000000224c0000)]
  0x0000000020f87800 JavaThread "RMI TCP Connection(1)-127.0.0.1" daemon [_thread_in_native, id=8840, stack(0x00000000222c0000,0x00000000223c0000)]
  0x00000000207cf000 JavaThread "RMI TCP Accept-0" daemon [_thread_in_native, id=13228, stack(0x0000000020a90000,0x0000000020b90000)]
  0x00000000207bb000 JavaThread "RMI TCP Accept-52673" daemon [_thread_in_native, id=18048, stack(0x0000000020990000,0x0000000020a90000)]
  0x00000000207ab000 JavaThread "RMI TCP Accept-0" daemon [_thread_in_native, id=11268, stack(0x0000000020890000,0x0000000020990000)]
  0x000000001ee5d800 JavaThread "Service Thread" daemon [_thread_blocked, id=13012, stack(0x000000001ff90000,0x0000000020090000)]
=>0x000000001edcb000 JavaThread "C1 CompilerThread3" daemon [_thread_in_native, id=2068, stack(0x000000001fe90000,0x000000001ff90000)]
  0x000000001edca800 JavaThread "C2 CompilerThread2" daemon [_thread_blocked, id=10792, stack(0x000000001fd90000,0x000000001fe90000)]
  0x000000001edc8800 JavaThread "C2 CompilerThread1" daemon [_thread_blocked, id=19224, stack(0x000000001fc90000,0x000000001fd90000)]
  0x000000001edc3000 JavaThread "C2 CompilerThread0" daemon [_thread_blocked, id=8712, stack(0x000000001fb90000,0x000000001fc90000)]
  0x000000001edae000 JavaThread "JDWP Command Reader" daemon [_thread_in_native, id=9604, stack(0x000000001fa90000,0x000000001fb90000)]
  0x000000001edad000 JavaThread "JDWP Event Helper Thread" daemon [_thread_blocked, id=10088, stack(0x000000001f990000,0x000000001fa90000)]
  0x000000001edab800 JavaThread "JDWP Transport Listener: dt_socket" daemon [_thread_blocked, id=16932, stack(0x000000001f890000,0x000000001f990000)]
  0x000000001ed94800 JavaThread "Attach Listener" daemon [_thread_blocked, id=19760, stack(0x000000001f450000,0x000000001f550000)]
  0x000000001ed92800 JavaThread "Signal Dispatcher" daemon [_thread_blocked, id=10596, stack(0x000000001f350000,0x000000001f450000)]
  0x000000001ed80800 JavaThread "Finalizer" daemon [_thread_blocked, id=7780, stack(0x000000001f160000,0x000000001f260000)]
  0x000000001ce9f800 JavaThread "Reference Handler" daemon [_thread_blocked, id=19944, stack(0x000000001ec60000,0x000000001ed60000)]
  0x00000000033fa800 JavaThread "main" [_thread_in_Java, id=19384, stack(0x00000000032f0000,0x00000000033f0000)]

Other Threads:
  0x000000001ce97800 VMThread [stack: 0x000000001eb60000,0x000000001ec60000] [id=3464]
  0x00000000207d0800 WatcherThread [stack: 0x0000000020b90000,0x0000000020c90000] [id=19560]

VM state:not at safepoint (normal execution)

VM Mutex/Monitor currently owned by a thread: None

Heap:
 PSYoungGen      total 215040K, used 11393K [0x000000076b780000, 0x0000000779a00000, 0x00000007c0000000)
  eden space 198656K, 5% used [0x000000076b780000,0x000000076c2a0478,0x0000000777980000)
  from space 16384K, 0% used [0x0000000777980000,0x0000000777980000,0x0000000778980000)
  to   space 16896K, 0% used [0x0000000778980000,0x0000000778980000,0x0000000779a00000)
 ParOldGen       total 169984K, used 31910K [0x00000006c2600000, 0x00000006ccc00000, 0x000000076b780000)
  object space 169984K, 18% used [0x00000006c2600000,0x00000006c45298f0,0x00000006ccc00000)
 Metaspace       used 46451K, capacity 48776K, committed 49024K, reserved 1093632K
  class space    used 6259K, capacity 6698K, committed 6784K, reserved 1048576K

Card table byte_map: [0x00000000128b0000,0x00000000130a0000] byte_map_base: 0x000000000f29d000

Marking Bits: (ParMarkBitMap*) 0x000000006c5dc720
 Begin Bits: [0x0000000013df0000, 0x0000000017d58000)
 End Bits:   [0x0000000017d58000, 0x000000001bcc0000)

Polling page: 0x00000000013c0000

CodeCache: size=245760Kb used=10709Kb max_used=10709Kb free=235050Kb
 bounds [0x00000000034f0000, 0x0000000003f70000, 0x00000000124f0000]
 total_blobs=5422 nmethods=4937 adapters=405
 compilation: enabled

Compilation events (10 events):
Event: 28.790 Thread 0x000000001edcb000 nmethod 4986 0x0000000003f5ded0 code [0x0000000003f5e020, 0x0000000003f5e110]
Event: 28.791 Thread 0x000000001edcb000 4987       1       sun.util.calendar.BaseCalendar$Date::getCachedJan1 (5 bytes)
Event: 28.791 Thread 0x000000001edcb000 nmethod 4987 0x0000000003f5e190 code [0x0000000003f5e2e0, 0x0000000003f5e3f0]
Event: 28.792 Thread 0x000000001edcb000 4988   !   1       java.security.Provider$Service::newInstance (416 bytes)
Event: 28.802 Thread 0x000000001edcb000 nmethod 4988 0x0000000003f5e450 code [0x0000000003f5e940, 0x0000000003f603d8]
Event: 28.802 Thread 0x000000001edcb000 4989   !   1       java.security.Provider$Service::getImplClass (186 bytes)
Event: 28.810 Thread 0x000000001edcb000 nmethod 4989 0x0000000003f62950 code [0x0000000003f62c20, 0x0000000003f63888]
Event: 28.810 Thread 0x000000001edcb000 4990       1       sun.util.calendar.BaseCalendar::getCalendarDateFromFixedDate (305 bytes)
Event: 28.813 Thread 0x000000001edcb000 nmethod 4990 0x0000000003f64790 code [0x0000000003f64940, 0x0000000003f650c8]
Event: 28.829 Thread 0x000000001edcb000 4991       1       sun.nio.cs.UTF_8$Decoder::decodeArrayLoop (691 bytes)

GC Heap History (10 events):
Event: 18.113 GC heap before
{Heap before GC invocations=8 (full 1):
 PSYoungGen      total 139776K, used 49089K [0x000000076b780000, 0x0000000775300000, 0x00000007c0000000)
  eden space 127488K, 28% used [0x000000076b780000,0x000000076db76bf8,0x0000000773400000)
  from space 12288K, 99% used [0x0000000774280000,0x0000000774e79ac8,0x0000000774e80000)
  to   space 14848K, 0% used [0x0000000773400000,0x0000000773400000,0x0000000774280000)
 ParOldGen       total 115200K, used 12081K [0x00000006c2600000, 0x00000006c9680000, 0x000000076b780000)
  object space 115200K, 10% used [0x00000006c2600000,0x00000006c31cc580,0x00000006c9680000)
 Metaspace       used 34346K, capacity 35476K, committed 35496K, reserved 1079296K
  class space    used 4590K, capacity 4861K, committed 4864K, reserved 1048576K
Event: 18.132 GC heap after
Heap after GC invocations=8 (full 1):
 PSYoungGen      total 142336K, used 14178K [0x000000076b780000, 0x0000000779a00000, 0x00000007c0000000)
  eden space 127488K, 0% used [0x000000076b780000,0x000000076b780000,0x0000000773400000)
  from space 14848K, 95% used [0x0000000773400000,0x00000007741d8bb8,0x0000000774280000)
  to   space 16896K, 0% used [0x0000000778980000,0x0000000778980000,0x0000000779a00000)
 ParOldGen       total 115200K, used 12089K [0x00000006c2600000, 0x00000006c9680000, 0x000000076b780000)
  object space 115200K, 10% used [0x00000006c2600000,0x00000006c31ce580,0x00000006c9680000)
 Metaspace       used 34346K, capacity 35476K, committed 35496K, reserved 1079296K
  class space    used 4590K, capacity 4861K, committed 4864K, reserved 1048576K
}
Event: 18.132 GC heap before
{Heap before GC invocations=9 (full 2):
 PSYoungGen      total 142336K, used 14178K [0x000000076b780000, 0x0000000779a00000, 0x00000007c0000000)
  eden space 127488K, 0% used [0x000000076b780000,0x000000076b780000,0x0000000773400000)
  from space 14848K, 95% used [0x0000000773400000,0x00000007741d8bb8,0x0000000774280000)
  to   space 16896K, 0% used [0x0000000778980000,0x0000000778980000,0x0000000779a00000)
 ParOldGen       total 115200K, used 12089K [0x00000006c2600000, 0x00000006c9680000, 0x000000076b780000)
  object space 115200K, 10% used [0x00000006c2600000,0x00000006c31ce580,0x00000006c9680000)
 Metaspace       used 34346K, capacity 35476K, committed 35496K, reserved 1079296K
  class space    used 4590K, capacity 4861K, committed 4864K, reserved 1048576K
Event: 18.243 GC heap after
Heap after GC invocations=9 (full 2):
 PSYoungGen      total 142336K, used 0K [0x000000076b780000, 0x0000000779a00000, 0x00000007c0000000)
  eden space 127488K, 0% used [0x000000076b780000,0x000000076b780000,0x0000000773400000)
  from space 14848K, 0% used [0x0000000773400000,0x0000000773400000,0x0000000774280000)
  to   space 16896K, 0% used [0x0000000778980000,0x0000000778980000,0x0000000779a00000)
 ParOldGen       total 169984K, used 19840K [0x00000006c2600000, 0x00000006ccc00000, 0x000000076b780000)
  object space 169984K, 11% used [0x00000006c2600000,0x00000006c3960088,0x00000006ccc00000)
 Metaspace       used 34346K, capacity 35476K, committed 35496K, reserved 1079296K
  class space    used 4590K, capacity 4861K, committed 4864K, reserved 1048576K
}
Event: 19.987 GC heap before
{Heap before GC invocations=10 (full 2):
 PSYoungGen      total 142336K, used 127488K [0x000000076b780000, 0x0000000779a00000, 0x00000007c0000000)
  eden space 127488K, 100% used [0x000000076b780000,0x0000000773400000,0x0000000773400000)
  from space 14848K, 0% used [0x0000000773400000,0x0000000773400000,0x0000000774280000)
  to   space 16896K, 0% used [0x0000000778980000,0x0000000778980000,0x0000000779a00000)
 ParOldGen       total 169984K, used 19840K [0x00000006c2600000, 0x00000006ccc00000, 0x000000076b780000)
  object space 169984K, 11% used [0x00000006c2600000,0x00000006c3960088,0x00000006ccc00000)
 Metaspace       used 38381K, capacity 40118K, committed 40320K, reserved 1083392K
  class space    used 5134K, capacity 5482K, committed 5504K, reserved 1048576K
Event: 20.003 GC heap after
Heap after GC invocations=10 (full 2):
 PSYoungGen      total 215552K, used 6631K [0x000000076b780000, 0x0000000779a00000, 0x00000007c0000000)
  eden space 198656K, 0% used [0x000000076b780000,0x000000076b780000,0x0000000777980000)
  from space 16896K, 39% used [0x0000000778980000,0x0000000778ff9f58,0x0000000779a00000)
  to   space 16384K, 0% used [0x0000000777980000,0x0000000777980000,0x0000000778980000)
 ParOldGen       total 169984K, used 19848K [0x00000006c2600000, 0x00000006ccc00000, 0x000000076b780000)
  object space 169984K, 11% used [0x00000006c2600000,0x00000006c3962088,0x00000006ccc00000)
 Metaspace       used 38381K, capacity 40118K, committed 40320K, reserved 1083392K
  class space    used 5134K, capacity 5482K, committed 5504K, reserved 1048576K
}
Event: 27.562 GC heap before
{Heap before GC invocations=11 (full 2):
 PSYoungGen      total 215552K, used 199843K [0x000000076b780000, 0x0000000779a00000, 0x00000007c0000000)
  eden space 198656K, 97% used [0x000000076b780000,0x000000077742f080,0x0000000777980000)
  from space 16896K, 39% used [0x0000000778980000,0x0000000778ff9f58,0x0000000779a00000)
  to   space 16384K, 0% used [0x0000000777980000,0x0000000777980000,0x0000000778980000)
 ParOldGen       total 169984K, used 19848K [0x00000006c2600000, 0x00000006ccc00000, 0x000000076b780000)
  object space 169984K, 11% used [0x00000006c2600000,0x00000006c3962088,0x00000006ccc00000)
 Metaspace       used 45956K, capacity 48274K, committed 48384K, reserved 1095680K
  class space    used 6192K, capacity 6625K, committed 6656K, reserved 1048576K
Event: 27.587 GC heap after
Heap after GC invocations=11 (full 2):
 PSYoungGen      total 215040K, used 16080K [0x000000076b780000, 0x0000000779a00000, 0x00000007c0000000)
  eden space 198656K, 0% used [0x000000076b780000,0x000000076b780000,0x0000000777980000)
  from space 16384K, 98% used [0x0000000777980000,0x0000000778934220,0x0000000778980000)
  to   space 16896K, 0% used [0x0000000778980000,0x0000000778980000,0x0000000779a00000)
 ParOldGen       total 169984K, used 19856K [0x00000006c2600000, 0x00000006ccc00000, 0x000000076b780000)
  object space 169984K, 11% used [0x00000006c2600000,0x00000006c3964088,0x00000006ccc00000)
 Metaspace       used 45956K, capacity 48274K, committed 48384K, reserved 1095680K
  class space    used 6192K, capacity 6625K, committed 6656K, reserved 1048576K
}
Event: 27.587 GC heap before
{Heap before GC invocations=12 (full 3):
 PSYoungGen      total 215040K, used 16080K [0x000000076b780000, 0x0000000779a00000, 0x00000007c0000000)
  eden space 198656K, 0% used [0x000000076b780000,0x000000076b780000,0x0000000777980000)
  from space 16384K, 98% used [0x0000000777980000,0x0000000778934220,0x0000000778980000)
  to   space 16896K, 0% used [0x0000000778980000,0x0000000778980000,0x0000000779a00000)
 ParOldGen       total 169984K, used 19856K [0x00000006c2600000, 0x00000006ccc00000, 0x000000076b780000)
  object space 169984K, 11% used [0x00000006c2600000,0x00000006c3964088,0x00000006ccc00000)
 Metaspace       used 45956K, capacity 48274K, committed 48384K, reserved 1095680K
  class space    used 6192K, capacity 6625K, committed 6656K, reserved 1048576K
Event: 27.821 GC heap after
Heap after GC invocations=12 (full 3):
 PSYoungGen      total 215040K, used 0K [0x000000076b780000, 0x0000000779a00000, 0x00000007c0000000)
  eden space 198656K, 0% used [0x000000076b780000,0x000000076b780000,0x0000000777980000)
  from space 16384K, 0% used [0x0000000777980000,0x0000000777980000,0x0000000778980000)
  to   space 16896K, 0% used [0x0000000778980000,0x0000000778980000,0x0000000779a00000)
 ParOldGen       total 169984K, used 31910K [0x00000006c2600000, 0x00000006ccc00000, 0x000000076b780000)
  object space 169984K, 18% used [0x00000006c2600000,0x00000006c45298f0,0x00000006ccc00000)
 Metaspace       used 45956K, capacity 48274K, committed 48384K, reserved 1093632K
  class space    used 6192K, capacity 6625K, committed 6656K, reserved 1048576K
}

Deoptimization events (0 events):
No events

Internal exceptions (10 events):
Event: 27.256 Thread 0x00000000033fa800 Exception <a 'java/lang/ArrayIndexOutOfBoundsException'> (0x0000000776597c30) thrown at [C:\re\workspace\8-2-build-windows-amd64-cygwin\jdk8u131\8869\hotspot\src\share\vm\runtime\sharedRuntime.cpp, line 605]
Event: 27.266 Thread 0x00000000033fa800 Exception <a 'java/lang/ArrayIndexOutOfBoundsException'> (0x00000007766581c0) thrown at [C:\re\workspace\8-2-build-windows-amd64-cygwin\jdk8u131\8869\hotspot\src\share\vm\runtime\sharedRuntime.cpp, line 605]
Event: 27.282 Thread 0x00000000033fa800 Exception <a 'java/lang/ArrayIndexOutOfBoundsException'> (0x0000000776777ed0) thrown at [C:\re\workspace\8-2-build-windows-amd64-cygwin\jdk8u131\8869\hotspot\src\share\vm\runtime\sharedRuntime.cpp, line 605]
Event: 27.283 Thread 0x00000000033fa800 Exception <a 'java/lang/ArrayIndexOutOfBoundsException'> (0x0000000776787c30) thrown at [C:\re\workspace\8-2-build-windows-amd64-cygwin\jdk8u131\8869\hotspot\src\share\vm\runtime\sharedRuntime.cpp, line 605]
Event: 27.286 Thread 0x00000000033fa800 Exception <a 'java/lang/ArrayIndexOutOfBoundsException'> (0x00000007767ca130) thrown at [C:\re\workspace\8-2-build-windows-amd64-cygwin\jdk8u131\8869\hotspot\src\share\vm\runtime\sharedRuntime.cpp, line 605]
Event: 27.330 Thread 0x00000000033fa800 Exception <a 'java/lang/ArrayIndexOutOfBoundsException'> (0x0000000776bd2508) thrown at [C:\re\workspace\8-2-build-windows-amd64-cygwin\jdk8u131\8869\hotspot\src\share\vm\runtime\sharedRuntime.cpp, line 605]
Event: 27.342 Thread 0x00000000033fa800 Exception <a 'java/lang/ArrayIndexOutOfBoundsException'> (0x0000000776ce9658) thrown at [C:\re\workspace\8-2-build-windows-amd64-cygwin\jdk8u131\8869\hotspot\src\share\vm\runtime\sharedRuntime.cpp, line 605]
Event: 27.350 Thread 0x00000000033fa800 Exception <a 'java/lang/ArrayIndexOutOfBoundsException'> (0x0000000776d5c7b0) thrown at [C:\re\workspace\8-2-build-windows-amd64-cygwin\jdk8u131\8869\hotspot\src\share\vm\runtime\sharedRuntime.cpp, line 605]
Event: 27.374 Thread 0x00000000033fa800 Exception <a 'java/lang/ArrayIndexOutOfBoundsException'> (0x0000000776ef5db8) thrown at [C:\re\workspace\8-2-build-windows-amd64-cygwin\jdk8u131\8869\hotspot\src\share\vm\runtime\sharedRuntime.cpp, line 605]
Event: 27.410 Thread 0x00000000033fa800 Exception <a 'java/lang/ArrayIndexOutOfBoundsException'> (0x000000077702a1c0) thrown at [C:\re\workspace\8-2-build-windows-amd64-cygwin\jdk8u131\8869\hotspot\src\share\vm\runtime\sharedRuntime.cpp, line 605]

Events (10 events):
Event: 28.821 Thread 0x00000000033fa800 DEOPT PACKING pc=0x00000000039a728c sp=0x00000000033eaf20
Event: 28.821 Thread 0x00000000033fa800 DEOPT UNPACKING pc=0x000000000353787f sp=0x00000000033ead40 mode 1
Event: 28.835 loading class org/apache/http/conn/util/DomainType
Event: 28.835 loading class org/apache/http/conn/util/DomainType done
Event: 28.836 Thread 0x00000000033fa800 DEOPT PACKING pc=0x0000000003705a91 sp=0x00000000033eac90
Event: 28.836 Thread 0x00000000033fa800 DEOPT UNPACKING pc=0x000000000353787f sp=0x00000000033ea9e0 mode 1
Event: 28.836 Thread 0x00000000033fa800 DEOPT PACKING pc=0x00000000039a7344 sp=0x00000000033ead10
Event: 28.836 Thread 0x00000000033fa800 DEOPT UNPACKING pc=0x000000000353787f sp=0x00000000033eab30 mode 1
Event: 28.836 Thread 0x00000000033fa800 DEOPT PACKING pc=0x00000000039a728c sp=0x00000000033eaea0
Event: 28.836 Thread 0x00000000033fa800 DEOPT UNPACKING pc=0x000000000353787f sp=0x00000000033eacc0 mode 1


Dynamic libraries:
0x00007ff77a5a0000 - 0x00007ff77a5d7000 	C:\Program Files\Java\jdk1.8.0_131\bin\javaw.exe
0x00007ffb2c670000 - 0x00007ffb2c851000 	C:\windows\SYSTEM32\ntdll.dll
0x00007ffb2a930000 - 0x00007ffb2a9e1000 	C:\windows\System32\KERNEL32.DLL
0x00007ffb28e70000 - 0x00007ffb290e3000 	C:\windows\System32\KERNELBASE.dll
0x000000006e5f0000 - 0x000000006e683000 	C:\windows\System32\SYSFER.DLL
0x00007ffb2be40000 - 0x00007ffb2bee1000 	C:\windows\System32\ADVAPI32.dll
0x00007ffb29c50000 - 0x00007ffb29cee000 	C:\windows\System32\msvcrt.dll
0x00007ffb29e80000 - 0x00007ffb29edb000 	C:\windows\System32\sechost.dll
0x00007ffb29af0000 - 0x00007ffb29c14000 	C:\windows\System32\RPCRT4.dll
0x00007ffb29cf0000 - 0x00007ffb29e80000 	C:\windows\System32\USER32.dll
0x00007ffb28b40000 - 0x00007ffb28b60000 	C:\windows\System32\win32u.dll
0x00007ffb29c20000 - 0x00007ffb29c48000 	C:\windows\System32\GDI32.dll
0x00007ffb28b60000 - 0x00007ffb28cf1000 	C:\windows\System32\gdi32full.dll
0x00007ffb28d00000 - 0x00007ffb28d9f000 	C:\windows\System32\msvcp_win.dll
0x00007ffb29800000 - 0x00007ffb298f8000 	C:\windows\System32\ucrtbase.dll
0x00007ffb18110000 - 0x00007ffb18379000 	C:\windows\WinSxS\amd64_microsoft.windows.common-controls_6595b64144ccf1df_6.0.17134.1304_none_d3fbe61b7c93d9f0\COMCTL32.dll
0x00007ffb29ee0000 - 0x00007ffb2a201000 	C:\windows\System32\combase.dll
0x00007ffb28da0000 - 0x00007ffb28e19000 	C:\windows\System32\bcryptPrimitives.dll
0x00007ffb2a360000 - 0x00007ffb2a38d000 	C:\windows\System32\IMM32.DLL
0x000000006d080000 - 0x000000006d152000 	C:\Program Files\Java\jdk1.8.0_131\jre\bin\msvcr100.dll
0x000000006bdc0000 - 0x000000006c65c000 	C:\Program Files\Java\jdk1.8.0_131\jre\bin\server\jvm.dll
0x00007ffb2a780000 - 0x00007ffb2a788000 	C:\windows\System32\PSAPI.DLL
0x00007ffb1dca0000 - 0x00007ffb1dca9000 	C:\windows\SYSTEM32\WSOCK32.dll
0x00007ffb2a7b0000 - 0x00007ffb2a81c000 	C:\windows\System32\WS2_32.dll
0x00007ffb1dfd0000 - 0x00007ffb1dff3000 	C:\windows\SYSTEM32\WINMM.dll
0x00007ffb27970000 - 0x00007ffb2797a000 	C:\windows\SYSTEM32\VERSION.dll
0x00007ffb1df90000 - 0x00007ffb1dfba000 	C:\windows\SYSTEM32\WINMMBASE.dll
0x00007ffb28e20000 - 0x00007ffb28e69000 	C:\windows\System32\cfgmgr32.dll
0x000000006d070000 - 0x000000006d07f000 	C:\Program Files\Java\jdk1.8.0_131\jre\bin\verify.dll
0x000000006d040000 - 0x000000006d069000 	C:\Program Files\Java\jdk1.8.0_131\jre\bin\java.dll
0x000000006bd60000 - 0x000000006bd95000 	C:\Program Files\Java\jdk1.8.0_131\jre\bin\jdwp.dll
0x000000006bd50000 - 0x000000006bd58000 	C:\Program Files\Java\jdk1.8.0_131\jre\bin\npt.dll
0x000000006d020000 - 0x000000006d036000 	C:\Program Files\Java\jdk1.8.0_131\jre\bin\zip.dll
0x00007ffb2a9f0000 - 0x00007ffb2be35000 	C:\windows\System32\SHELL32.dll
0x00007ffb2a880000 - 0x00007ffb2a929000 	C:\windows\System32\shcore.dll
0x00007ffb290f0000 - 0x00007ffb29800000 	C:\windows\System32\windows.storage.dll
0x00007ffb2c440000 - 0x00007ffb2c491000 	C:\windows\System32\shlwapi.dll
0x00007ffb289e0000 - 0x00007ffb289f1000 	C:\windows\System32\kernel.appcore.dll
0x00007ffb289c0000 - 0x00007ffb289df000 	C:\windows\System32\profapi.dll
0x00007ffb28970000 - 0x00007ffb289bc000 	C:\windows\System32\powrprof.dll
0x00007ffb28a20000 - 0x00007ffb28a2a000 	C:\windows\System32\FLTLIB.DLL
0x000000006bd40000 - 0x000000006bd49000 	C:\Program Files\Java\jdk1.8.0_131\jre\bin\dt_socket.dll
0x00007ffb0ad50000 - 0x00007ffb0ad66000 	C:\windows\system32\napinsp.dll
0x00007ffb0ad70000 - 0x00007ffb0ad8a000 	C:\windows\system32\pnrpnsp.dll
0x00007ffb227b0000 - 0x00007ffb227c9000 	C:\windows\system32\NLAapi.dll
0x00007ffb281a0000 - 0x00007ffb28206000 	C:\windows\System32\mswsock.dll
0x00007ffb27f50000 - 0x00007ffb2800e000 	C:\windows\SYSTEM32\DNSAPI.dll
0x00007ffb2a390000 - 0x00007ffb2a398000 	C:\windows\System32\NSI.dll
0x00007ffb27f00000 - 0x00007ffb27f38000 	C:\windows\SYSTEM32\IPHLPAPI.DLL
0x00007ffb17660000 - 0x00007ffb1766e000 	C:\windows\System32\winrnr.dll
0x00007ffb1e590000 - 0x00007ffb1e5a5000 	C:\windows\System32\wshbth.dll
0x000000006d620000 - 0x000000006d646000 	C:\Program Files\Bonjour\mdnsNSP.dll
0x00007ffb1f090000 - 0x00007ffb1f102000 	C:\windows\System32\fwpuclnt.dll
0x00007ffb284d0000 - 0x00007ffb284f5000 	C:\windows\SYSTEM32\bcrypt.dll
0x00007ffb17650000 - 0x00007ffb1765a000 	C:\Windows\System32\rasadhlp.dll
0x000000006d010000 - 0x000000006d01d000 	C:\Program Files\Java\jdk1.8.0_131\jre\bin\management.dll
0x000000006cff0000 - 0x000000006d00a000 	C:\Program Files\Java\jdk1.8.0_131\jre\bin\net.dll
0x000000006cfd0000 - 0x000000006cfe1000 	C:\Program Files\Java\jdk1.8.0_131\jre\bin\nio.dll
0x00007ffb283b0000 - 0x00007ffb283c7000 	C:\windows\SYSTEM32\CRYPTSP.dll
0x00007ffb27d60000 - 0x00007ffb27d93000 	C:\windows\system32\rsaenh.dll
0x00007ffb28870000 - 0x00007ffb28898000 	C:\windows\SYSTEM32\USERENV.dll
0x00007ffb28300000 - 0x00007ffb2830b000 	C:\windows\SYSTEM32\CRYPTBASE.dll
0x00007ffb1e4f0000 - 0x00007ffb1e506000 	C:\windows\SYSTEM32\dhcpcsvc6.DLL
0x00007ffb1e4d0000 - 0x00007ffb1e4ea000 	C:\windows\SYSTEM32\dhcpcsvc.DLL
0x000000006bd10000 - 0x000000006bd34000 	C:\Program Files\Java\jdk1.8.0_131\jre\bin\sunec.dll

VM Arguments:
jvm_args: -agentlib:jdwp=transport=dt_socket,suspend=y,address=localhost:52674 -Dcom.sun.management.jmxremote -Dcom.sun.management.jmxremote.port=52673 -Dcom.sun.management.jmxremote.authenticate=false -Dcom.sun.management.jmxremote.ssl=false -Djava.rmi.server.hostname=localhost -Dspring.application.admin.enabled=true -Xverify:none -XX:TieredStopAtLevel=1 -Dfile.encoding=UTF-8 
java_command: com.kgisl.main.ZuulgatewayproxyApplication --spring.output.ansi.enabled=always
java_class_path (initial): D:\MY FOLDER\SOURCE CODE\BAGUS_POC\DOCKER\latest_source\COMMON-APIGATEWAY\target\classes;C:\Users\sriji.n\.m2\repository\org\springframework\boot\spring-boot-starter-web\2.1.7.RELEASE\spring-boot-starter-web-2.1.7.RELEASE.jar;C:\Users\sriji.n\.m2\repository\org\springframework\boot\spring-boot-starter\2.1.7.RELEASE\spring-boot-starter-2.1.7.RELEASE.jar;C:\Users\sriji.n\.m2\repository\org\springframework\boot\spring-boot\2.1.7.RELEASE\spring-boot-2.1.7.RELEASE.jar;C:\Users\sriji.n\.m2\repository\org\springframework\boot\spring-boot-autoconfigure\2.1.7.RELEASE\spring-boot-autoconfigure-2.1.7.RELEASE.jar;C:\Users\sriji.n\.m2\repository\org\springframework\boot\spring-boot-starter-logging\2.1.7.RELEASE\spring-boot-starter-logging-2.1.7.RELEASE.jar;C:\Users\sriji.n\.m2\repository\ch\qos\logback\logback-classic\1.2.3\logback-classic-1.2.3.jar;C:\Users\sriji.n\.m2\repository\ch\qos\logback\logback-core\1.2.3\logback-core-1.2.3.jar;C:\Users\sriji.n\.m2\repository\org\apache\logging\log4j\log4j-to-slf4j\2.11.2\log4j-to-slf4j-2.11.2.jar;C:\Users\sriji.n\.m2\repository\org\apache\logging\log4j\log4j-api\2.11.2\log4j-api-2.11.2.jar;C:\Users\sriji.n\.m2\repository\org\slf4j\jul-to-slf4j\1.7.26\jul-to-slf4j-1.7.26.jar;C:\Users\sriji.n\.m2\repository\org\yaml\snakeyaml\1.23\snakeyaml-1.23.jar;C:\Users\sriji.n\.m2\repository\org\springframework\boot\spring-boot-starter-json\2.1.7.RELEASE\spring-boot-starter-json-2.1.7.RELEASE.jar;C:\Users\sriji.n\.m2\repository\com\fasterxml\jackson\datatype\jackson-datatype-jdk8\2.9.9\jackson-datatype-jdk8-2.9.9.jar;C:\Users\sriji.n\.m2\repository\com\fasterxml\jackson\datatype\jackson-datatype-jsr310\2.9.9\jackson-datatype-jsr310-2.9.9.jar;C:\Users\sriji.n\.m2\repository\com\fasterxml\jackson\module\jackson-module-parameter-names\2.9.9\jackson-module-parameter-names-2.9.9.jar;C:\Users\sriji.n\.m2\repository\org\hibernate\validator\hibernate-validator\6.0.17.Final\hibernate-validator-6.0.17.Final.jar;C:\Users\sriji.n\.
Launcher Type: SUN_STANDARD

Environment Variables:
PATH=C:\Program Files\Java\jdk1.8.0_131\jre\bin;C:/Program Files/Java/jre1.8.0_131/bin/server;C:/Program Files/Java/jre1.8.0_131/bin;C:/Program Files/Java/jre1.8.0_131/lib/amd64;C:\Program Files\Java\IBM_Java_1.7_64\bin;D:\app\product\11.2.0\client_1\bin;C:\ProgramData\Oracle\Java\javapath;C:\Program Files (x86)\Intel\iCLS Client\;C:\Program Files\Intel\iCLS Client\;C:\windows\system32;C:\windows;C:\windows\System32\Wbem;C:\windows\System32\WindowsPowerShell\v1.0\;C:\windows\System32\OpenSSH\;D:\apache-maven-3.6.2\bin;C:\Program Files (x86)\Intel\Intel(R) Management Engine Components\DAL;C:\Program Files\Intel\Intel(R) Management Engine Components\DAL;C:\Program Files (x86)\Intel\Intel(R) Management Engine Components\IPT;C:\Program Files\Intel\Intel(R) Management Engine Components\IPT;C:\Program Files (x86)\Microsoft SQL Server\Client SDK\ODBC\130\Tools\Binn\;C:\Program Files (x86)\Microsoft SQL Server\140\Tools\Binn\;C:\Program Files (x86)\Microsoft SQL Server\140\DTS\Binn\;C:\Program Files (x86)\Microsoft SQL Server\140\Tools\Binn\ManagementStudio\;C:\Program Files\nodejs\;D:\Program Files\TortoiseGit\bin;C:\Program Files\Intel\WiFi\bin\;C:\Program Files\Common Files\Intel\WirelessCommon\;;C:\Program Files\Docker\Docker\resources\bin;C:\ProgramData\DockerDesktop\version-bin;C:\Users\sriji.n\AppData\Local\Microsoft\WindowsApps;C:\Users\sriji.n\AppData\Roaming\npm;D:\MY FOLDER\SOFTWARE\sts-4.1.0.RELEASE;
USERNAME=sriji.n
OS=Windows_NT
PROCESSOR_IDENTIFIER=Intel64 Family 6 Model 142 Stepping 10, GenuineIntel



---------------  S Y S T E M  ---------------

OS: Windows 10.0 , 64 bit Build 17134 (10.0.17134.753)

CPU:total 8 (initial active 8) (4 cores per cpu, 2 threads per core) family 6 model 142 stepping 10, cmov, cx8, fxsr, mmx, sse, sse2, sse3, ssse3, sse4.1, sse4.2, popcnt, avx, avx2, aes, clmul, erms, rtm, 3dnowpref, lzcnt, ht, tsc, tscinvbit, bmi1, bmi2, adx

Memory: 4k page, physical 16620744k(1308812k free), swap 20813000k(7756k free)

vm_info: Java HotSpot(TM) 64-Bit Server VM (25.131-b11) for windows-amd64 JRE (1.8.0_131-b11), built on Mar 15 2017 01:23:53 by "java_re" with MS VC++ 10.0 (VS2010)

time: Tue Apr 28 10:15:23 2020
elapsed time: 28 seconds (0d 0h 0m 28s)

