#
# There is insufficient memory for the Java Runtime Environment to continue.
# Native memory allocation (malloc) failed to allocate 32744 bytes for ChunkPool::allocate
# Possible reasons:
#   The system is out of physical RAM or swap space
#   In 32 bit mode, the process size limit was hit
# Possible solutions:
#   Reduce memory load on the system
#   Increase physical memory or swap space
#   Check if swap backing store is full
#   Use 64 bit Java on a 64 bit OS
#   Decrease Java heap size (-Xmx/-Xms)
#   Decrease number of Java threads
#   Decrease Java thread stack sizes (-Xss)
#   Set larger code cache with -XX:ReservedCodeCacheSize=
# This output file may be truncated or incomplete.
#
#  Out of Memory Error (allocation.cpp:273), pid=18172, tid=0x0000000000004514
#
# JRE version: Java(TM) SE Runtime Environment (8.0_131-b11) (build 1.8.0_131-b11)
# Java VM: Java HotSpot(TM) 64-Bit Server VM (25.131-b11 mixed mode windows-amd64 compressed oops)
# Failed to write core dump. Minidumps are not enabled by default on client versions of Windows
#

---------------  T H R E A D  ---------------

Current thread (0x000000001ef89000):  JavaThread "C1 CompilerThread3" daemon [_thread_in_native, id=17684, stack(0x000000001fa30000,0x000000001fb30000)]

Stack: [0x000000001fa30000,0x000000001fb30000]
[error occurred during error reporting (printing stack bounds), id 0xc0000005]

Native frames: (J=compiled Java code, j=interpreted, Vv=VM code, C=native code)


Current CompileTask:
C1:  12259 3133   !   1       org.springframework.beans.factory.support.AbstractBeanFactory::doResolveBeanClass (284 bytes)


---------------  P R O C E S S  ---------------

Java Threads: ( => current thread )
  0x000000001ef8f000 JavaThread "task-1" [_thread_blocked, id=24064, stack(0x0000000024170000,0x0000000024270000)]
  0x000000001ef8a000 JavaThread "container-0" [_thread_blocked, id=12028, stack(0x0000000024070000,0x0000000024170000)]
  0x000000001ef8e800 JavaThread "Catalina-utility-2" [_thread_blocked, id=20604, stack(0x0000000023f70000,0x0000000024070000)]
  0x000000001f091800 JavaThread "Catalina-utility-1" [_thread_blocked, id=18212, stack(0x0000000023e70000,0x0000000023f70000)]
  0x0000000022572800 JavaThread "HikariPool-1 connection adder" daemon [_thread_blocked, id=18880, stack(0x0000000023b70000,0x0000000023c70000)]
  0x000000002027c000 JavaThread "HikariPool-1 housekeeper" daemon [_thread_blocked, id=3224, stack(0x0000000023a70000,0x0000000023b70000)]
  0x0000000020547800 JavaThread "restartedMain" [_thread_in_vm, id=13688, stack(0x00000000219a0000,0x0000000021aa0000)]
  0x0000000020573800 JavaThread "Thread-2" [_thread_blocked, id=13124, stack(0x00000000218a0000,0x00000000219a0000)]
  0x0000000020572800 JavaThread "JMX server connection timeout 17" daemon [_thread_blocked, id=7380, stack(0x00000000217a0000,0x00000000218a0000)]
  0x0000000020571800 JavaThread "RMI Scheduler(0)" daemon [_thread_blocked, id=13756, stack(0x00000000216a0000,0x00000000217a0000)]
  0x0000000020518800 JavaThread "RMI TCP Connection(1)-127.0.0.1" daemon [_thread_in_native, id=10700, stack(0x00000000215a0000,0x00000000216a0000)]
  0x0000000020332000 JavaThread "RMI TCP Accept-0" daemon [_thread_in_native, id=9160, stack(0x0000000020b60000,0x0000000020c60000)]
  0x000000002032d000 JavaThread "RMI TCP Accept-56532" daemon [_thread_in_native, id=10760, stack(0x0000000020a60000,0x0000000020b60000)]
  0x0000000020315800 JavaThread "RMI TCP Accept-0" daemon [_thread_in_native, id=22920, stack(0x0000000020960000,0x0000000020a60000)]
  0x000000001f00f000 JavaThread "Service Thread" daemon [_thread_blocked, id=12740, stack(0x000000001fb30000,0x000000001fc30000)]
=>0x000000001ef89000 JavaThread "C1 CompilerThread3" daemon [_thread_in_native, id=17684, stack(0x000000001fa30000,0x000000001fb30000)]
  0x000000001ef7d000 JavaThread "C2 CompilerThread2" daemon [_thread_blocked, id=23480, stack(0x000000001f930000,0x000000001fa30000)]
  0x000000001ef75800 JavaThread "C2 CompilerThread1" daemon [_thread_blocked, id=7892, stack(0x000000001f830000,0x000000001f930000)]
  0x000000001ef71000 JavaThread "C2 CompilerThread0" daemon [_thread_blocked, id=13300, stack(0x000000001f730000,0x000000001f830000)]
  0x000000001ef6e800 JavaThread "Attach Listener" daemon [_thread_blocked, id=1960, stack(0x000000001f630000,0x000000001f730000)]
  0x000000001d06e800 JavaThread "Signal Dispatcher" daemon [_thread_blocked, id=19844, stack(0x000000001f530000,0x000000001f630000)]
  0x000000001ef61800 JavaThread "Finalizer" daemon [_thread_blocked, id=4052, stack(0x000000001f340000,0x000000001f440000)]
  0x000000001d05d800 JavaThread "Reference Handler" daemon [_thread_blocked, id=10100, stack(0x000000001ee40000,0x000000001ef40000)]
  0x00000000035b6000 JavaThread "main" [_thread_blocked, id=20752, stack(0x0000000003430000,0x0000000003530000)]

Other Threads:
  0x000000001d059800 VMThread [stack: 0x000000001ed40000,0x000000001ee40000] [id=23316]
  0x000000002033d800 WatcherThread [stack: 0x0000000020c60000,0x0000000020d60000] [id=16196]

VM state:synchronizing (normal execution)

VM Mutex/Monitor currently owned by a thread:  ([mutex/lock_event])
[0x00000000035b2e50] Threads_lock - owner thread: 0x000000001d059800
[0x00000000035b2250] Heap_lock - owner thread: 0x000000001ef8f000

Heap:
 PSYoungGen      total 199168K, used 41000K [0x000000076b780000, 0x0000000778800000, 0x00000007c0000000)
  eden space 185856K, 22% used [0x000000076b780000,0x000000076df8a240,0x0000000776d00000)
  from space 13312K, 0% used [0x0000000776e00000,0x0000000776e00000,0x0000000777b00000)
  to   space 11264K, 0% used [0x0000000777d00000,0x0000000777d00000,0x0000000778800000)
 ParOldGen       total 105984K, used 11325K [0x00000006c2600000, 0x00000006c8d80000, 0x000000076b780000)
  object space 105984K, 10% used [0x00000006c2600000,0x00000006c310f7a0,0x00000006c8d80000)
 Metaspace       used 34891K, capacity 36884K, committed 37416K, reserved 1095680K
  class space    used 4740K, capacity 5122K, committed 5248K, reserved 1048576K

Card table byte_map: [0x0000000012a70000,0x0000000013260000] byte_map_base: 0x000000000f45d000

Marking Bits: (ParMarkBitMap*) 0x000000005ea2c720
 Begin Bits: [0x0000000013fb0000, 0x0000000017f18000)
 End Bits:   [0x0000000017f18000, 0x000000001be80000)

Polling page: 0x0000000003400000

CodeCache: size=245760Kb used=6153Kb max_used=6204Kb free=239606Kb
 bounds [0x00000000036b0000, 0x0000000003cc0000, 0x00000000126b0000]
 total_blobs=3557 nmethods=3102 adapters=366
 compilation: enabled

Compilation events (10 events):
Event: 12.197 Thread 0x000000001ef89000 nmethod 3128 0x000000000381b410 code [0x000000000381b5a0, 0x000000000381b828]
Event: 12.197 Thread 0x000000001ef89000 3129       1       org.springframework.util.ReflectionUtils$$Lambda$317/2122816944::get$Lambda (9 bytes)
Event: 12.197 Thread 0x000000001ef89000 nmethod 3129 0x000000000381b0d0 code [0x000000000381b220, 0x000000000381b370]
Event: 12.197 Thread 0x000000001ef89000 3130       1       org.springframework.context.annotation.ConfigurationClassBeanDefinitionReader$ConfigurationClassBeanDefinition::cloneBeanDefinition (5 bytes)
Event: 12.197 Thread 0x000000001ef89000 nmethod 3130 0x0000000003a88550 code [0x0000000003a886c0, 0x0000000003a888c8]
Event: 12.198 Thread 0x000000001ef89000 3131       1       org.springframework.boot.devtools.restart.ClassLoaderFilesResourcePatternResolver::getClassLoader (10 bytes)
Event: 12.198 Thread 0x000000001ef89000 nmethod 3131 0x000000000381ad10 code [0x000000000381ae60, 0x000000000381afa8]
Event: 12.198 Thread 0x000000001ef89000 3132       1       org.springframework.beans.TypeConverterDelegate::<init> (15 bytes)
Event: 12.198 Thread 0x000000001ef89000 nmethod 3132 0x0000000003a88250 code [0x0000000003a883a0, 0x0000000003a884d0]
Event: 12.200 Thread 0x000000001ef89000 3133   !   1       org.springframework.beans.factory.support.AbstractBeanFactory::doResolveBeanClass (284 bytes)

GC Heap History (10 events):
Event: 11.603 GC heap before
{Heap before GC invocations=10 (full 3):
 PSYoungGen      total 199168K, used 1012K [0x000000076b780000, 0x0000000778800000, 0x00000007c0000000)
  eden space 185856K, 0% used [0x000000076b780000,0x000000076b780000,0x0000000776d00000)
  from space 13312K, 7% used [0x0000000776e00000,0x0000000776efd220,0x0000000777b00000)
  to   space 11264K, 0% used [0x0000000777d00000,0x0000000777d00000,0x0000000778800000)
 ParOldGen       total 105984K, used 18060K [0x00000006c2600000, 0x00000006c8d80000, 0x000000076b780000)
  object space 105984K, 17% used [0x00000006c2600000,0x00000006c37a3128,0x00000006c8d80000)
 Metaspace       used 33962K, capacity 36004K, committed 36136K, reserved 1091584K
  class space    used 4555K, capacity 4958K, committed 4992K, reserved 1048576K
Event: 11.802 GC heap after
Heap after GC invocations=10 (full 3):
 PSYoungGen      total 199168K, used 0K [0x000000076b780000, 0x0000000778800000, 0x00000007c0000000)
  eden space 185856K, 0% used [0x000000076b780000,0x000000076b780000,0x0000000776d00000)
  from space 13312K, 0% used [0x0000000776e00000,0x0000000776e00000,0x0000000777b00000)
  to   space 11264K, 0% used [0x0000000777d00000,0x0000000777d00000,0x0000000778800000)
 ParOldGen       total 105984K, used 13566K [0x00000006c2600000, 0x00000006c8d80000, 0x000000076b780000)
  object space 105984K, 12% used [0x00000006c2600000,0x00000006c333f880,0x00000006c8d80000)
 Metaspace       used 33962K, capacity 36004K, committed 36136K, reserved 1087488K
  class space    used 4555K, capacity 4958K, committed 4992K, reserved 1048576K
}
Event: 12.023 GC heap before
{Heap before GC invocations=11 (full 3):
 PSYoungGen      total 199168K, used 10982K [0x000000076b780000, 0x0000000778800000, 0x00000007c0000000)
  eden space 185856K, 5% used [0x000000076b780000,0x000000076c239938,0x0000000776d00000)
  from space 13312K, 0% used [0x0000000776e00000,0x0000000776e00000,0x0000000777b00000)
  to   space 11264K, 0% used [0x0000000777d00000,0x0000000777d00000,0x0000000778800000)
 ParOldGen       total 105984K, used 13566K [0x00000006c2600000, 0x00000006c8d80000, 0x000000076b780000)
  object space 105984K, 12% used [0x00000006c2600000,0x00000006c333f880,0x00000006c8d80000)
 Metaspace       used 34823K, capacity 36866K, committed 37032K, reserved 1095680K
  class space    used 4696K, capacity 5107K, committed 5120K, reserved 1048576K
Event: 12.026 GC heap after
Heap after GC invocations=11 (full 3):
 PSYoungGen      total 197120K, used 1153K [0x000000076b780000, 0x0000000778800000, 0x00000007c0000000)
  eden space 185856K, 0% used [0x000000076b780000,0x000000076b780000,0x0000000776d00000)
  from space 11264K, 10% used [0x0000000777d00000,0x0000000777e20418,0x0000000778800000)
  to   space 13312K, 0% used [0x0000000776e00000,0x0000000776e00000,0x0000000777b00000)
 ParOldGen       total 105984K, used 13574K [0x00000006c2600000, 0x00000006c8d80000, 0x000000076b780000)
  object space 105984K, 12% used [0x00000006c2600000,0x00000006c3341880,0x00000006c8d80000)
 Metaspace       used 34823K, capacity 36866K, committed 37032K, reserved 1095680K
  class space    used 4696K, capacity 5107K, committed 5120K, reserved 1048576K
}
Event: 12.026 GC heap before
{Heap before GC invocations=12 (full 4):
 PSYoungGen      total 197120K, used 1153K [0x000000076b780000, 0x0000000778800000, 0x00000007c0000000)
  eden space 185856K, 0% used [0x000000076b780000,0x000000076b780000,0x0000000776d00000)
  from space 11264K, 10% used [0x0000000777d00000,0x0000000777e20418,0x0000000778800000)
  to   space 13312K, 0% used [0x0000000776e00000,0x0000000776e00000,0x0000000777b00000)
 ParOldGen       total 105984K, used 13574K [0x00000006c2600000, 0x00000006c8d80000, 0x000000076b780000)
  object space 105984K, 12% used [0x00000006c2600000,0x00000006c3341880,0x00000006c8d80000)
 Metaspace       used 34823K, capacity 36866K, committed 37032K, reserved 1095680K
  class space    used 4696K, capacity 5107K, committed 5120K, reserved 1048576K
Event: 12.067 GC heap after
Heap after GC invocations=12 (full 4):
 PSYoungGen      total 197120K, used 0K [0x000000076b780000, 0x0000000778800000, 0x00000007c0000000)
  eden space 185856K, 0% used [0x000000076b780000,0x000000076b780000,0x0000000776d00000)
  from space 11264K, 0% used [0x0000000777d00000,0x0000000777d00000,0x0000000778800000)
  to   space 13312K, 0% used [0x0000000776e00000,0x0000000776e00000,0x0000000777b00000)
 ParOldGen       total 105984K, used 13949K [0x00000006c2600000, 0x00000006c8d80000, 0x000000076b780000)
  object space 105984K, 13% used [0x00000006c2600000,0x00000006c339f558,0x00000006c8d80000)
 Metaspace       used 34823K, capacity 36866K, committed 37032K, reserved 1091584K
  class space    used 4696K, capacity 5107K, committed 5120K, reserved 1048576K
}
Event: 12.067 GC heap before
{Heap before GC invocations=13 (full 4):
 PSYoungGen      total 197120K, used 0K [0x000000076b780000, 0x0000000778800000, 0x00000007c0000000)
  eden space 185856K, 0% used [0x000000076b780000,0x000000076b780000,0x0000000776d00000)
  from space 11264K, 0% used [0x0000000777d00000,0x0000000777d00000,0x0000000778800000)
  to   space 13312K, 0% used [0x0000000776e00000,0x0000000776e00000,0x0000000777b00000)
 ParOldGen       total 105984K, used 13949K [0x00000006c2600000, 0x00000006c8d80000, 0x000000076b780000)
  object space 105984K, 13% used [0x00000006c2600000,0x00000006c339f558,0x00000006c8d80000)
 Metaspace       used 34823K, capacity 36866K, committed 37032K, reserved 1095680K
  class space    used 4696K, capacity 5107K, committed 5120K, reserved 1048576K
Event: 12.069 GC heap after
Heap after GC invocations=13 (full 4):
 PSYoungGen      total 199168K, used 0K [0x000000076b780000, 0x0000000778800000, 0x00000007c0000000)
  eden space 185856K, 0% used [0x000000076b780000,0x000000076b780000,0x0000000776d00000)
  from space 13312K, 0% used [0x0000000776e00000,0x0000000776e00000,0x0000000777b00000)
  to   space 11264K, 0% used [0x0000000777d00000,0x0000000777d00000,0x0000000778800000)
 ParOldGen       total 105984K, used 13949K [0x00000006c2600000, 0x00000006c8d80000, 0x000000076b780000)
  object space 105984K, 13% used [0x00000006c2600000,0x00000006c339f558,0x00000006c8d80000)
 Metaspace       used 34823K, capacity 36866K, committed 37032K, reserved 1095680K
  class space    used 4696K, capacity 5107K, committed 5120K, reserved 1048576K
}
Event: 12.069 GC heap before
{Heap before GC invocations=14 (full 5):
 PSYoungGen      total 199168K, used 0K [0x000000076b780000, 0x0000000778800000, 0x00000007c0000000)
  eden space 185856K, 0% used [0x000000076b780000,0x000000076b780000,0x0000000776d00000)
  from space 13312K, 0% used [0x0000000776e00000,0x0000000776e00000,0x0000000777b00000)
  to   space 11264K, 0% used [0x0000000777d00000,0x0000000777d00000,0x0000000778800000)
 ParOldGen       total 105984K, used 13949K [0x00000006c2600000, 0x00000006c8d80000, 0x000000076b780000)
  object space 105984K, 13% used [0x00000006c2600000,0x00000006c339f558,0x00000006c8d80000)
 Metaspace       used 34823K, capacity 36866K, committed 37032K, reserved 1095680K
  class space    used 4696K, capacity 5107K, committed 5120K, reserved 1048576K
Event: 12.170 GC heap after
Heap after GC invocations=14 (full 5):
 PSYoungGen      total 199168K, used 0K [0x000000076b780000, 0x0000000778800000, 0x00000007c0000000)
  eden space 185856K, 0% used [0x000000076b780000,0x000000076b780000,0x0000000776d00000)
  from space 13312K, 0% used [0x0000000776e00000,0x0000000776e00000,0x0000000777b00000)
  to   space 11264K, 0% used [0x0000000777d00000,0x0000000777d00000,0x0000000778800000)
 ParOldGen       total 105984K, used 11325K [0x00000006c2600000, 0x00000006c8d80000, 0x000000076b780000)
  object space 105984K, 10% used [0x00000006c2600000,0x00000006c310f7a0,0x00000006c8d80000)
 Metaspace       used 34593K, capacity 36498K, committed 37032K, reserved 1091584K
  class space    used 4660K, capacity 5041K, committed 5120K, reserved 1048576K
}

Deoptimization events (0 events):
No events

Internal exceptions (10 events):
Event: 11.965 Thread 0x0000000020547800 Exception <a 'java/lang/ArrayIndexOutOfBoundsException'> (0x000000076b95f140) thrown at [C:\re\workspace\8-2-build-windows-amd64-cygwin\jdk8u131\8869\hotspot\src\share\vm\runtime\sharedRuntime.cpp, line 605]
Event: 11.965 Thread 0x0000000020547800 Exception <a 'java/lang/ArrayIndexOutOfBoundsException'> (0x000000076b9608d8) thrown at [C:\re\workspace\8-2-build-windows-amd64-cygwin\jdk8u131\8869\hotspot\src\share\vm\runtime\sharedRuntime.cpp, line 605]
Event: 11.966 Thread 0x0000000020547800 Exception <a 'java/lang/ArrayIndexOutOfBoundsException'> (0x000000076b9640b0) thrown at [C:\re\workspace\8-2-build-windows-amd64-cygwin\jdk8u131\8869\hotspot\src\share\vm\runtime\sharedRuntime.cpp, line 605]
Event: 11.966 Thread 0x0000000020547800 Exception <a 'java/lang/ArrayIndexOutOfBoundsException'> (0x000000076b9674d0) thrown at [C:\re\workspace\8-2-build-windows-amd64-cygwin\jdk8u131\8869\hotspot\src\share\vm\runtime\sharedRuntime.cpp, line 605]
Event: 11.966 Thread 0x0000000020547800 Exception <a 'java/lang/ArrayIndexOutOfBoundsException'> (0x000000076b96a098) thrown at [C:\re\workspace\8-2-build-windows-amd64-cygwin\jdk8u131\8869\hotspot\src\share\vm\runtime\sharedRuntime.cpp, line 605]
Event: 11.966 Thread 0x0000000020547800 Exception <a 'java/lang/ArrayIndexOutOfBoundsException'> (0x000000076b96c508) thrown at [C:\re\workspace\8-2-build-windows-amd64-cygwin\jdk8u131\8869\hotspot\src\share\vm\runtime\sharedRuntime.cpp, line 605]
Event: 11.966 Thread 0x0000000020547800 Exception <a 'java/lang/ArrayIndexOutOfBoundsException'> (0x000000076b96d460) thrown at [C:\re\workspace\8-2-build-windows-amd64-cygwin\jdk8u131\8869\hotspot\src\share\vm\runtime\sharedRuntime.cpp, line 605]
Event: 11.966 Thread 0x0000000020547800 Exception <a 'java/lang/ArrayIndexOutOfBoundsException'> (0x000000076b96eae8) thrown at [C:\re\workspace\8-2-build-windows-amd64-cygwin\jdk8u131\8869\hotspot\src\share\vm\runtime\sharedRuntime.cpp, line 605]
Event: 11.966 Thread 0x0000000020547800 Exception <a 'java/lang/ArrayIndexOutOfBoundsException'> (0x000000076b970120) thrown at [C:\re\workspace\8-2-build-windows-amd64-cygwin\jdk8u131\8869\hotspot\src\share\vm\runtime\sharedRuntime.cpp, line 605]
Event: 12.183 Thread 0x0000000020547800 Exception <a 'java/lang/ArrayIndexOutOfBoundsException'> (0x000000076b9104a0) thrown at [C:\re\workspace\8-2-build-windows-amd64-cygwin\jdk8u131\8869\hotspot\src\share\vm\runtime\sharedRuntime.cpp, line 605]

Events (10 events):
Event: 12.200 loading class org/hibernate/type/TimeType done
Event: 12.201 loading class org/hibernate/type/descriptor/java/JdbcTimeTypeDescriptor
Event: 12.201 loading class org/hibernate/type/descriptor/java/JdbcTimeTypeDescriptor done
Event: 12.201 loading class org/hibernate/type/descriptor/java/JdbcTimeTypeDescriptor$TimeMutabilityPlan
Event: 12.201 loading class org/hibernate/type/descriptor/java/JdbcTimeTypeDescriptor$TimeMutabilityPlan done
Event: 12.202 loading class org/hibernate/type/TimestampType
Event: 12.202 loading class org/hibernate/type/TimestampType done
Event: 12.202 loading class org/hibernate/type/descriptor/java/JdbcTimestampTypeDescriptor
Event: 12.202 loading class org/hibernate/type/descriptor/java/JdbcTimestampTypeDescriptor done
Event: 12.203 Executing VM operation: CollectForMetadataAllocation


Dynamic libraries:
0x00007ff779b60000 - 0x00007ff779b97000 	C:\Program Files\Java\jre1.8.0_131\bin\javaw.exe
0x00007ffc7b1f0000 - 0x00007ffc7b3d1000 	C:\windows\SYSTEM32\ntdll.dll
0x00007ffc79040000 - 0x00007ffc790f1000 	C:\windows\System32\KERNEL32.DLL
0x00007ffc77be0000 - 0x00007ffc77e53000 	C:\windows\System32\KERNELBASE.dll
0x0000000060e10000 - 0x0000000060ea3000 	C:\windows\System32\SYSFER.DLL
0x000000005de00000 - 0x000000005e129000 	C:\ProgramData\Symantec\Symantec Endpoint Protection\14.2.5323.2000.105\Data\Definitions\IPSDefs\20210115.061\IPSEng64.dll
0x00007ffc79550000 - 0x00007ffc795f1000 	C:\windows\System32\ADVAPI32.dll
0x00007ffc78b90000 - 0x00007ffc78c2e000 	C:\windows\System32\msvcrt.dll
0x00007ffc7ab50000 - 0x00007ffc7abab000 	C:\windows\System32\sechost.dll
0x00007ffc79100000 - 0x00007ffc79224000 	C:\windows\System32\RPCRT4.dll
0x00007ffc7ad10000 - 0x00007ffc7ad18000 	C:\windows\System32\PSAPI.DLL
0x00007ffc78d10000 - 0x00007ffc78ea0000 	C:\windows\System32\USER32.dll
0x00007ffc77bc0000 - 0x00007ffc77be0000 	C:\windows\System32\win32u.dll
0x00007ffc793e0000 - 0x00007ffc79408000 	C:\windows\System32\GDI32.dll
0x00007ffc775b0000 - 0x00007ffc77741000 	C:\windows\System32\gdi32full.dll
0x00007ffc785d0000 - 0x00007ffc7866f000 	C:\windows\System32\msvcp_win.dll
0x00007ffc77ac0000 - 0x00007ffc77bb8000 	C:\windows\System32\ucrtbase.dll
0x00007ffc6ca00000 - 0x00007ffc6cc69000 	C:\windows\WinSxS\amd64_microsoft.windows.common-controls_6595b64144ccf1df_6.0.17134.1304_none_d3fbe61b7c93d9f0\COMCTL32.dll
0x00007ffc7ae90000 - 0x00007ffc7b1b1000 	C:\windows\System32\combase.dll
0x00007ffc77800000 - 0x00007ffc77879000 	C:\windows\System32\bcryptPrimitives.dll
0x00007ffc79410000 - 0x00007ffc7943d000 	C:\windows\System32\IMM32.DLL
0x000000005dd20000 - 0x000000005ddf2000 	C:\Program Files\Java\jre1.8.0_131\bin\msvcr100.dll
0x000000005e210000 - 0x000000005eaac000 	C:\Program Files\Java\jre1.8.0_131\bin\server\jvm.dll
0x00007ffc62230000 - 0x00007ffc62239000 	C:\windows\SYSTEM32\WSOCK32.dll
0x00007ffc794e0000 - 0x00007ffc7954c000 	C:\windows\System32\WS2_32.dll
0x00007ffc71ba0000 - 0x00007ffc71bc3000 	C:\windows\SYSTEM32\WINMM.dll
0x00007ffc764f0000 - 0x00007ffc764fa000 	C:\windows\SYSTEM32\VERSION.dll
0x00007ffc71a50000 - 0x00007ffc71a7a000 	C:\windows\SYSTEM32\WINMMBASE.dll
0x00007ffc77a70000 - 0x00007ffc77ab9000 	C:\windows\System32\cfgmgr32.dll
0x000000005e200000 - 0x000000005e20f000 	C:\Program Files\Java\jre1.8.0_131\bin\verify.dll
0x000000005e1d0000 - 0x000000005e1f9000 	C:\Program Files\Java\jre1.8.0_131\bin\java.dll
0x000000005e1b0000 - 0x000000005e1c6000 	C:\Program Files\Java\jre1.8.0_131\bin\zip.dll
0x00007ffc79600000 - 0x00007ffc7aa45000 	C:\windows\System32\SHELL32.dll
0x00007ffc7ad80000 - 0x00007ffc7ae29000 	C:\windows\System32\shcore.dll
0x00007ffc77ec0000 - 0x00007ffc785d0000 	C:\windows\System32\windows.storage.dll
0x00007ffc78cb0000 - 0x00007ffc78d01000 	C:\windows\System32\shlwapi.dll
0x00007ffc77520000 - 0x00007ffc77531000 	C:\windows\System32\kernel.appcore.dll
0x00007ffc77500000 - 0x00007ffc7751f000 	C:\windows\System32\profapi.dll
0x00007ffc77560000 - 0x00007ffc775ac000 	C:\windows\System32\powrprof.dll
0x00007ffc774f0000 - 0x00007ffc774fa000 	C:\windows\System32\FLTLIB.DLL
0x000000005dc80000 - 0x000000005dc8d000 	C:\Program Files\Java\jre1.8.0_131\bin\management.dll
0x000000005e190000 - 0x000000005e1aa000 	C:\Program Files\Java\jre1.8.0_131\bin\net.dll
0x00007ffc76cc0000 - 0x00007ffc76d26000 	C:\windows\system32\mswsock.dll
0x000000005e170000 - 0x000000005e181000 	C:\Program Files\Java\jre1.8.0_131\bin\nio.dll
0x00007ffc62320000 - 0x00007ffc62336000 	C:\windows\system32\napinsp.dll
0x00007ffc61070000 - 0x00007ffc6108a000 	C:\windows\system32\pnrpnsp.dll
0x00007ffc6f880000 - 0x00007ffc6f899000 	C:\windows\system32\NLAapi.dll
0x00007ffc76a70000 - 0x00007ffc76b2e000 	C:\windows\SYSTEM32\DNSAPI.dll
0x00007ffc7aa50000 - 0x00007ffc7aa58000 	C:\windows\System32\NSI.dll
0x00007ffc76a20000 - 0x00007ffc76a58000 	C:\windows\SYSTEM32\IPHLPAPI.DLL
0x00007ffc5d9f0000 - 0x00007ffc5d9fe000 	C:\windows\System32\winrnr.dll
0x00007ffc54180000 - 0x00007ffc54195000 	C:\windows\System32\wshbth.dll
0x000000005fa30000 - 0x000000005fa56000 	C:\Program Files\Bonjour\mdnsNSP.dll
0x00007ffc68830000 - 0x00007ffc6883a000 	C:\Windows\System32\rasadhlp.dll
0x00007ffc6dce0000 - 0x00007ffc6dd52000 	C:\windows\System32\fwpuclnt.dll
0x00007ffc770d0000 - 0x00007ffc770f5000 	C:\windows\SYSTEM32\bcrypt.dll
0x00007ffc77090000 - 0x00007ffc770a7000 	C:\windows\SYSTEM32\CRYPTSP.dll
0x00007ffc76880000 - 0x00007ffc768b3000 	C:\windows\system32\rsaenh.dll
0x00007ffc77420000 - 0x00007ffc77448000 	C:\windows\SYSTEM32\USERENV.dll
0x00007ffc76e20000 - 0x00007ffc76e2b000 	C:\windows\SYSTEM32\CRYPTBASE.dll
0x00007ffc6dca0000 - 0x00007ffc6dcb6000 	C:\windows\SYSTEM32\dhcpcsvc6.DLL
0x00007ffc6d440000 - 0x00007ffc6d45a000 	C:\windows\SYSTEM32\dhcpcsvc.DLL

VM Arguments:
jvm_args: -Dcom.sun.management.jmxremote -Dcom.sun.management.jmxremote.port=56532 -Dcom.sun.management.jmxremote.authenticate=false -Dcom.sun.management.jmxremote.ssl=false -Djava.rmi.server.hostname=localhost -Dspring.jmx.enabled=true -Dspring.application.admin.enabled=true -Xverify:none -XX:TieredStopAtLevel=1 -Dspring.boot.project.name=SpringBoot2SimpleCaptchaApp -Dfile.encoding=UTF-8 
java_command: com.kgisl.twofa.SpringBoot2SimpleCaptchaAppApplication --spring.output.ansi.enabled=always
java_class_path (initial): D:\MY FOLDER\SOURCE CODE\ASPRIE MIND\CID\SpringBoot2SimpleCaptchaApp\target\classes;C:\Users\sriji.n\.m2\repository\javax\xml\bind\jaxb-api\2.3.1\jaxb-api-2.3.1.jar;C:\Users\sriji.n\.m2\repository\javax\activation\javax.activation-api\1.2.0\javax.activation-api-1.2.0.jar;C:\Users\sriji.n\.m2\repository\org\springframework\boot\spring-boot-starter-web\2.3.3.RELEASE\spring-boot-starter-web-2.3.3.RELEASE.jar;C:\Users\sriji.n\.m2\repository\org\springframework\boot\spring-boot-starter\2.3.3.RELEASE\spring-boot-starter-2.3.3.RELEASE.jar;C:\Users\sriji.n\.m2\repository\org\springframework\boot\spring-boot-starter-logging\2.3.3.RELEASE\spring-boot-starter-logging-2.3.3.RELEASE.jar;C:\Users\sriji.n\.m2\repository\ch\qos\logback\logback-classic\1.2.3\logback-classic-1.2.3.jar;C:\Users\sriji.n\.m2\repository\ch\qos\logback\logback-core\1.2.3\logback-core-1.2.3.jar;C:\Users\sriji.n\.m2\repository\org\apache\logging\log4j\log4j-to-slf4j\2.13.3\log4j-to-slf4j-2.13.3.jar;C:\Users\sriji.n\.m2\repository\org\apache\logging\log4j\log4j-api\2.13.3\log4j-api-2.13.3.jar;C:\Users\sriji.n\.m2\repository\org\slf4j\jul-to-slf4j\1.7.30\jul-to-slf4j-1.7.30.jar;C:\Users\sriji.n\.m2\repository\jakarta\annotation\jakarta.annotation-api\1.3.5\jakarta.annotation-api-1.3.5.jar;C:\Users\sriji.n\.m2\repository\org\yaml\snakeyaml\1.26\snakeyaml-1.26.jar;C:\Users\sriji.n\.m2\repository\org\springframework\boot\spring-boot-starter-json\2.3.3.RELEASE\spring-boot-starter-json-2.3.3.RELEASE.jar;C:\Users\sriji.n\.m2\repository\com\fasterxml\jackson\core\jackson-databind\2.11.2\jackson-databind-2.11.2.jar;C:\Users\sriji.n\.m2\repository\com\fasterxml\jackson\core\jackson-annotations\2.11.2\jackson-annotations-2.11.2.jar;C:\Users\sriji.n\.m2\repository\com\fasterxml\jackson\datatype\jackson-datatype-jdk8\2.11.2\jackson-datatype-jdk8-2.11.2.jar;C:\Users\sriji.n\.m2\repository\com\fasterxml\jackson\datatype\jackson-datatype-jsr310\2.11.2\jackson-datatype-jsr310-2.11.2.jar;C:\Users\
Launcher Type: SUN_STANDARD

Environment Variables:
JAVA_HOME=C:\Program Files\Java\jdk1.8.0_131
JRE_HOME=C:\Program Files\Java\jre1.8.0_131
PATH=C:/Program Files/Java/jre1.8.0_131/bin/server;C:/Program Files/Java/jre1.8.0_131/bin;C:/Program Files/Java/jre1.8.0_131/lib/amd64;C:\Program Files\Java\IBM_Java_1.7_64\bin;D:\app\product\11.2.0\client_1\bin;C:\ProgramData\Oracle\Java\javapath;C:\Program Files (x86)\Intel\iCLS Client\;C:\Program Files\Intel\iCLS Client\;C:\windows\system32;C:\windows;C:\windows\System32\Wbem;C:\windows\System32\WindowsPowerShell\v1.0\;C:\windows\System32\OpenSSH\;D:\apache-maven-3.6.2\bin;C:\Program Files (x86)\Intel\Intel(R) Management Engine Components\DAL;C:\Program Files\Intel\Intel(R) Management Engine Components\DAL;C:\Program Files (x86)\Intel\Intel(R) Management Engine Components\IPT;C:\Program Files\Intel\Intel(R) Management Engine Components\IPT;C:\Program Files (x86)\Microsoft SQL Server\Client SDK\ODBC\130\Tools\Binn\;C:\Program Files (x86)\Microsoft SQL Server\140\Tools\Binn\;C:\Program Files (x86)\Microsoft SQL Server\140\DTS\Binn\;C:\Program Files (x86)\Microsoft SQL Server\140\Tools\Binn\ManagementStudio\;C:\Program Files\nodejs\;D:\Program Files\TortoiseGit\bin;C:\Program Files\Intel\WiFi\bin\;C:\Program Files\Common Files\Intel\WirelessCommon\;C:\Program Files\Docker\Docker\resources\bin;C:\ProgramData\DockerDesktop\version-bin;C:\Program Files\Microsoft VS Code\bin;D:\Program Files\Git;C:\Users\sriji.n\AppData\Local\Microsoft\WindowsApps;C:\Users\sriji.n\AppData\Roaming\npm;D:\Program Files\Git;;D:\MY FOLDER\SOFTWARE\sts-4.1.0.RELEASE;
USERNAME=sriji.n
OS=Windows_NT
PROCESSOR_IDENTIFIER=Intel64 Family 6 Model 142 Stepping 10, GenuineIntel



---------------  S Y S T E M  ---------------

OS: Windows 10.0 , 64 bit Build 17134 (10.0.17134.753)

CPU:total 8 (initial active 8) (4 cores per cpu, 2 threads per core) family 6 model 142 stepping 10, cmov, cx8, fxsr, mmx, sse, sse2, sse3, ssse3, sse4.1, sse4.2, popcnt, avx, avx2, aes, clmul, erms, rtm, 3dnowpref, lzcnt, ht, tsc, tscinvbit, bmi1, bmi2, adx

Memory: 4k page, physical 16620744k(5320200k free), swap 20813000k(292k free)

vm_info: Java HotSpot(TM) 64-Bit Server VM (25.131-b11) for windows-amd64 JRE (1.8.0_131-b11), built on Mar 15 2017 01:23:53 by "java_re" with MS VC++ 10.0 (VS2010)

time: Mon Jan 18 11:47:50 2021
elapsed time: 12 seconds (0d 0h 0m 12s)

